TN:
SF:/Users/chris/Work/utils/router-segments/src/index.ts
FNF:0
FNH:0
LF:0
LH:0
BRF:0
BRH:0
end_of_record
TN:
SF:/Users/chris/Work/utils/router-segments/src/types.ts
FNF:0
FNH:0
LF:0
LH:0
BRF:0
BRH:0
end_of_record
TN:
SF:/Users/chris/Work/utils/router-segments/src/builder/createRouterBuilder.ts
FN:39,(anonymous_0)
FN:46,(anonymous_1)
FN:57,(anonymous_2)
FN:64,(anonymous_3)
FN:76,(anonymous_4)
FN:86,(anonymous_5)
FN:97,(anonymous_6)
FN:98,(anonymous_7)
FNF:8
FNH:8
FNDA:9,(anonymous_0)
FNDA:22,(anonymous_1)
FNDA:6,(anonymous_2)
FNDA:3,(anonymous_3)
FNDA:5,(anonymous_4)
FNDA:2,(anonymous_5)
FNDA:1,(anonymous_6)
FNDA:7,(anonymous_7)
DA:42,9
DA:43,9
DA:44,9
DA:46,9
DA:47,22
DA:48,21
DA:51,9
DA:56,9
DA:58,6
DA:59,6
DA:60,6
DA:61,6
DA:69,3
DA:70,2
DA:71,2
DA:72,2
DA:73,2
DA:80,5
DA:81,5
DA:82,3
DA:83,3
DA:90,2
DA:91,1
DA:92,1
DA:93,1
DA:94,1
DA:97,1
DA:98,7
LF:28
LH:28
BRDA:42,0,0,9
BRDA:42,0,1,3
BRDA:47,1,0,1
BRDA:47,1,1,21
BRDA:60,2,0,4
BRDA:60,2,1,2
BRDA:69,3,0,1
BRDA:69,3,1,2
BRDA:72,4,0,2
BRDA:72,4,1,2
BRDA:90,5,0,1
BRDA:90,5,1,1
BRF:12
BRH:12
end_of_record
TN:
SF:/Users/chris/Work/utils/router-segments/src/builder/createSegmentRouterBuilderCreator.ts
FN:29,(anonymous_0)
FN:33,(anonymous_1)
FN:36,(anonymous_2)
FN:39,(anonymous_3)
FN:45,(anonymous_4)
FN:55,(anonymous_5)
FN:60,(anonymous_6)
FN:66,(anonymous_7)
FN:83,(anonymous_8)
FN:102,(anonymous_9)
FN:116,(anonymous_10)
FN:138,(anonymous_11)
FN:142,(anonymous_12)
FN:146,(anonymous_13)
FN:157,(anonymous_14)
FN:164,(anonymous_15)
FNF:16
FNH:16
FNDA:9,(anonymous_0)
FNDA:9,(anonymous_1)
FNDA:27,(anonymous_2)
FNDA:10,(anonymous_3)
FNDA:20,(anonymous_4)
FNDA:6,(anonymous_5)
FNDA:12,(anonymous_6)
FNDA:8,(anonymous_7)
FNDA:11,(anonymous_8)
FNDA:2,(anonymous_9)
FNDA:2,(anonymous_10)
FNDA:5,(anonymous_11)
FNDA:6,(anonymous_12)
FNDA:4,(anonymous_13)
FNDA:2,(anonymous_14)
FNDA:2,(anonymous_15)
DA:33,9
DA:36,9
DA:37,27
DA:39,9
DA:42,10
DA:45,10
DA:46,20
DA:52,10
DA:55,9
DA:59,6
DA:60,6
DA:61,12
DA:63,6
DA:66,9
DA:71,8
DA:73,8
DA:74,8
DA:79,8
DA:80,8
DA:83,9
DA:84,11
DA:85,5
DA:95,6
DA:96,6
DA:97,6
DA:98,6
DA:99,6
DA:102,9
DA:106,2
DA:107,2
DA:111,2
DA:112,2
DA:113,2
DA:116,9
DA:120,2
DA:121,1
DA:130,1
DA:131,1
DA:132,1
DA:133,1
DA:134,1
DA:137,9
DA:139,5
DA:143,6
DA:151,4
DA:152,3
DA:161,2
DA:168,2
DA:169,1
DA:175,9
LF:50
LH:50
BRDA:73,0,0,8
BRDA:73,0,1,1
BRDA:84,1,0,5
BRDA:84,1,1,6
BRDA:97,2,0,6
BRDA:97,2,1,1
BRDA:120,3,0,1
BRDA:120,3,1,1
BRDA:151,4,0,1
BRDA:151,4,1,3
BRDA:168,5,0,1
BRDA:168,5,1,1
BRF:12
BRH:12
end_of_record
TN:
SF:/Users/chris/Work/utils/router-segments/src/router/createRouter.ts
FN:12,(anonymous_0)
FN:16,(anonymous_1)
FN:24,(anonymous_2)
FN:26,(anonymous_3)
FN:30,(anonymous_4)
FNF:5
FNH:5
FNDA:8,(anonymous_0)
FNDA:30,(anonymous_1)
FNDA:29,(anonymous_2)
FNDA:1,(anonymous_3)
FNDA:1,(anonymous_4)
DA:16,8
DA:17,30
DA:18,30
DA:19,30
DA:22,8
DA:25,29
DA:27,1
DA:31,1
LF:8
LH:8
BRDA:18,0,0,0
BRDA:18,0,1,30
BRF:2
BRH:1
end_of_record
TN:
SF:/Users/chris/Work/utils/router-segments/src/router/findMatch.ts
FN:26,(anonymous_0)
FN:29,(anonymous_1)
FN:38,(anonymous_2)
FN:63,(anonymous_3)
FN:114,(anonymous_4)
FNF:5
FNH:5
FNDA:3,(anonymous_0)
FNDA:61,(anonymous_1)
FNDA:136,(anonymous_2)
FNDA:21,(anonymous_3)
FNDA:36,(anonymous_4)
DA:22,6
DA:26,6
DA:27,3
DA:29,6
DA:36,61
DA:38,61
DA:39,136
DA:41,136
DA:42,0
DA:51,136
DA:52,135
DA:54,51
DA:56,51
DA:57,51
DA:59,51
DA:61,14
DA:63,14
DA:64,21
DA:71,51
DA:72,35
DA:73,35
DA:75,35
DA:76,25
DA:84,25
DA:87,10
DA:88,1
DA:91,9
DA:94,25
DA:97,25
DA:99,25
DA:108,25
DA:111,60
DA:118,36
LF:33
LH:32
BRDA:22,0,0,0
BRDA:22,0,1,6
BRDA:27,1,0,2
BRDA:27,1,1,1
BRDA:33,2,0,19
BRDA:41,3,0,0
BRDA:41,3,1,136
BRDA:41,4,0,136
BRDA:41,4,1,0
BRDA:52,5,0,84
BRDA:52,5,1,51
BRDA:59,6,0,14
BRDA:59,6,1,37
BRDA:61,7,0,11
BRDA:61,7,1,3
BRDA:71,8,0,35
BRDA:71,8,1,16
BRDA:75,9,0,25
BRDA:75,9,1,10
BRDA:87,10,0,1
BRDA:87,10,1,9
BRDA:97,11,0,22
BRDA:97,11,1,3
BRF:23
BRH:20
end_of_record
TN:
SF:/Users/chris/Work/utils/router-segments/src/routes/LocalizedEndRoute.ts
FN:10,(anonymous_0)
FN:16,(anonymous_1)
FN:20,(anonymous_2)
FN:24,(anonymous_3)
FN:28,(anonymous_4)
FN:32,(anonymous_5)
FNF:6
FNH:3
FNDA:12,(anonymous_0)
FNDA:56,(anonymous_1)
FNDA:10,(anonymous_2)
FNDA:0,(anonymous_3)
FNDA:0,(anonymous_4)
FNDA:0,(anonymous_5)
DA:11,12
DA:12,12
DA:13,12
DA:17,56
DA:21,10
DA:25,0
DA:29,0
DA:33,0
LF:8
LH:5
BRF:0
BRH:0
end_of_record
TN:
SF:/Users/chris/Work/utils/router-segments/src/routes/LocalizedSegmentRoute.ts
FN:13,(anonymous_0)
FN:17,(anonymous_1)
FN:22,(anonymous_2)
FN:26,(anonymous_3)
FN:30,(anonymous_4)
FN:34,(anonymous_5)
FN:38,(anonymous_6)
FNF:7
FNH:5
FNDA:3,(anonymous_0)
FNDA:3,(anonymous_1)
FNDA:52,(anonymous_2)
FNDA:26,(anonymous_3)
FNDA:6,(anonymous_4)
FNDA:0,(anonymous_5)
FNDA:0,(anonymous_6)
DA:14,3
DA:18,3
DA:19,3
DA:23,52
DA:27,26
DA:31,6
DA:35,0
DA:39,0
LF:8
LH:6
BRF:0
BRH:0
end_of_record
TN:
SF:/Users/chris/Work/utils/router-segments/src/routes/NotLocalizedEndRoute.ts
FN:10,(anonymous_0)
FN:16,(anonymous_1)
FN:20,(anonymous_2)
FN:24,(anonymous_3)
FN:28,(anonymous_4)
FN:32,(anonymous_5)
FNF:6
FNH:3
FNDA:15,(anonymous_0)
FNDA:39,(anonymous_1)
FNDA:6,(anonymous_2)
FNDA:0,(anonymous_3)
FNDA:0,(anonymous_4)
FNDA:0,(anonymous_5)
DA:11,15
DA:12,15
DA:17,39
DA:21,6
DA:25,0
DA:29,0
DA:33,0
LF:7
LH:4
BRF:0
BRH:0
end_of_record
TN:
SF:/Users/chris/Work/utils/router-segments/src/routes/NotLocalizedSegmentRoute.ts
FN:13,(anonymous_0)
FN:17,(anonymous_1)
FN:22,(anonymous_2)
FN:26,(anonymous_3)
FN:30,(anonymous_4)
FN:34,(anonymous_5)
FN:38,(anonymous_6)
FNF:7
FNH:5
FNDA:9,(anonymous_0)
FNDA:4,(anonymous_1)
FNDA:18,(anonymous_2)
FNDA:9,(anonymous_3)
FNDA:7,(anonymous_4)
FNDA:0,(anonymous_5)
FNDA:0,(anonymous_6)
DA:14,9
DA:18,4
DA:19,4
DA:23,18
DA:27,9
DA:31,7
DA:35,0
DA:39,0
LF:8
LH:6
BRF:0
BRH:0
end_of_record
TN:
SF:/Users/chris/Work/utils/router-segments/src/routes/create.ts
FN:15,(anonymous_0)
FN:22,(anonymous_1)
FN:41,(anonymous_2)
FN:45,(anonymous_3)
FN:56,(anonymous_4)
FN:71,(anonymous_5)
FN:79,(anonymous_6)
FNF:7
FNH:6
FNDA:14,(anonymous_0)
FNDA:28,(anonymous_1)
FNDA:0,(anonymous_2)
FNDA:15,(anonymous_3)
FNDA:11,(anonymous_4)
FNDA:9,(anonymous_5)
FNDA:3,(anonymous_6)
DA:15,6
DA:20,14
DA:22,14
DA:23,28
DA:24,28
DA:25,6
DA:29,6
DA:31,22
DA:35,22
DA:38,14
DA:41,6
DA:42,0
DA:45,6
DA:51,15
DA:52,15
DA:53,15
DA:56,6
DA:62,11
DA:63,11
DA:68,11
DA:71,6
DA:75,9
DA:76,9
DA:79,6
DA:83,3
DA:88,3
LF:26
LH:25
BRDA:24,0,0,6
BRDA:24,0,1,22
BRDA:42,1,0,0
BRDA:42,1,1,0
BRDA:51,2,0,15
BRDA:62,3,0,11
BRF:6
BRH:4
end_of_record
TN:
SF:/Users/chris/Work/utils/router-segments/src/routes/createRoutePath.ts
FN:15,internalCreateRoutePath
FN:25,(anonymous_1)
FN:38,(anonymous_2)
FN:43,(anonymous_3)
FNF:4
FNH:4
FNDA:60,internalCreateRoutePath
FNDA:45,(anonymous_1)
FNDA:19,(anonymous_2)
FNDA:41,(anonymous_3)
DA:20,60
DA:21,60
DA:25,60
DA:27,60
DA:29,41
DA:38,7
DA:41,19
DA:43,7
DA:46,41
LF:9
LH:9
BRDA:21,0,0,19
BRDA:21,0,1,41
BRDA:27,1,0,19
BRDA:27,1,1,41
BRF:4
BRH:4
end_of_record
TN:
SF:/Users/chris/Work/utils/router-segments/src/routes/index.ts
FNF:0
FNH:0
LF:0
LH:0
BRF:0
BRH:0
end_of_record
TN:
SF:/Users/chris/Work/utils/router-segments/src/routes/interfaces.ts
FNF:0
FNH:0
LF:0
LH:0
BRF:0
BRH:0
end_of_record
TN:
SF:/Users/chris/Work/utils/router-segments/src/routes/types.ts
FNF:0
FNH:0
LF:0
LH:0
BRF:0
BRH:0
end_of_record
