TN:
SF:src/index.ts
FNF:0
FNH:0
LF:0
LH:0
BRF:0
BRH:0
end_of_record
TN:
SF:src/builder/createRouterBuilder.ts
FN:39,createRouterBuilder
FN:46,(anonymous_1)
FN:57,(anonymous_2)
FN:64,(anonymous_3)
FN:76,(anonymous_4)
FN:86,(anonymous_5)
FN:97,(anonymous_6)
FN:98,(anonymous_7)
FNF:8
FNH:8
FNDA:9,createRouterBuilder
FNDA:22,(anonymous_1)
FNDA:6,(anonymous_2)
FNDA:3,(anonymous_3)
FNDA:5,(anonymous_4)
FNDA:2,(anonymous_5)
FNDA:1,(anonymous_6)
FNDA:7,(anonymous_7)
DA:42,9
DA:43,9
DA:44,9
DA:46,9
DA:47,22
DA:48,21
DA:51,9
DA:56,9
DA:58,6
DA:59,6
DA:60,6
DA:61,6
DA:69,3
DA:70,2
DA:71,2
DA:72,2
DA:73,2
DA:80,5
DA:81,5
DA:82,3
DA:83,3
DA:90,2
DA:91,1
DA:92,1
DA:93,1
DA:94,1
DA:97,1
DA:98,7
LF:28
LH:28
BRDA:47,0,0,1
BRDA:47,0,1,21
BRDA:60,1,0,4
BRDA:60,1,1,2
BRDA:69,2,0,1
BRDA:69,2,1,2
BRDA:72,3,0,2
BRDA:72,3,1,2
BRDA:90,4,0,1
BRDA:90,4,1,1
BRF:10
BRH:10
end_of_record
TN:
SF:src/builder/createSegmentRouterBuilderCreator.ts
FN:30,createSegmentRouterBuilderCreator
FN:34,(anonymous_1)
FN:37,(anonymous_2)
FN:40,(anonymous_3)
FN:48,(anonymous_4)
FN:58,(anonymous_5)
FN:67,(anonymous_6)
FN:73,(anonymous_7)
FN:89,(anonymous_8)
FN:112,(anonymous_9)
FN:126,(anonymous_10)
FN:148,(anonymous_11)
FN:152,(anonymous_12)
FN:156,(anonymous_13)
FN:167,(anonymous_14)
FN:174,(anonymous_15)
FNF:16
FNH:16
FNDA:9,createSegmentRouterBuilderCreator
FNDA:9,(anonymous_1)
FNDA:27,(anonymous_2)
FNDA:10,(anonymous_3)
FNDA:20,(anonymous_4)
FNDA:6,(anonymous_5)
FNDA:12,(anonymous_6)
FNDA:8,(anonymous_7)
FNDA:11,(anonymous_8)
FNDA:2,(anonymous_9)
FNDA:2,(anonymous_10)
FNDA:5,(anonymous_11)
FNDA:6,(anonymous_12)
FNDA:4,(anonymous_13)
FNDA:2,(anonymous_14)
FNDA:2,(anonymous_15)
DA:34,9
DA:37,9
DA:38,27
DA:40,9
DA:43,10
DA:48,10
DA:49,20
DA:55,10
DA:58,9
DA:63,6
DA:67,6
DA:68,12
DA:70,6
DA:73,9
DA:78,8
DA:79,8
DA:80,8
DA:85,8
DA:86,8
DA:89,9
DA:94,11
DA:95,5
DA:105,6
DA:106,6
DA:107,6
DA:108,6
DA:109,6
DA:112,9
DA:116,2
DA:117,2
DA:121,2
DA:122,2
DA:123,2
DA:126,9
DA:130,2
DA:131,1
DA:140,1
DA:141,1
DA:142,1
DA:143,1
DA:144,1
DA:147,9
DA:149,5
DA:153,6
DA:161,4
DA:162,3
DA:171,2
DA:178,2
DA:179,1
DA:185,9
LF:50
LH:50
BRDA:79,0,0,8
BRDA:79,0,1,1
BRDA:94,1,0,5
BRDA:94,1,1,6
BRDA:107,2,0,6
BRDA:107,2,1,1
BRDA:130,3,0,1
BRDA:130,3,1,1
BRDA:161,4,0,1
BRDA:161,4,1,3
BRDA:178,5,0,1
BRDA:178,5,1,1
BRF:12
BRH:12
end_of_record
TN:
SF:src/router/createRouter.ts
FN:13,createRouter
FN:17,(anonymous_1)
FN:25,(anonymous_2)
FN:27,(anonymous_3)
FN:29,(anonymous_4)
FNF:5
FNH:5
FNDA:8,createRouter
FNDA:30,(anonymous_1)
FNDA:29,(anonymous_2)
FNDA:1,(anonymous_3)
FNDA:1,(anonymous_4)
DA:17,8
DA:18,30
DA:19,30
DA:20,30
DA:23,8
DA:26,29
DA:28,1
DA:33,1
LF:8
LH:8
BRDA:19,0,0,0
BRDA:19,0,1,30
BRF:2
BRH:1
end_of_record
TN:
SF:src/router/findMatch.ts
FN:26,(anonymous_0)
FN:29,(anonymous_1)
FN:38,(anonymous_2)
FN:62,(anonymous_3)
FN:111,findMatch
FNF:5
FNH:5
FNDA:3,(anonymous_0)
FNDA:61,(anonymous_1)
FNDA:136,(anonymous_2)
FNDA:21,(anonymous_3)
FNDA:36,findMatch
DA:22,6
DA:26,6
DA:27,3
DA:29,6
DA:36,61
DA:38,61
DA:39,136
DA:41,136
DA:42,0
DA:50,136
DA:51,135
DA:53,51
DA:55,51
DA:56,51
DA:58,51
DA:60,14
DA:62,14
DA:63,21
DA:67,51
DA:68,35
DA:69,35
DA:71,35
DA:72,25
DA:80,25
DA:83,10
DA:84,1
DA:87,9
DA:90,25
DA:93,25
DA:95,25
DA:105,25
DA:108,60
DA:116,36
LF:33
LH:32
BRDA:22,0,0,0
BRDA:22,0,1,6
BRDA:27,1,0,2
BRDA:27,1,1,1
BRDA:33,2,0,19
BRDA:41,3,0,0
BRDA:41,3,1,136
BRDA:41,4,0,136
BRDA:41,4,1,0
BRDA:51,5,0,84
BRDA:51,5,1,51
BRDA:58,6,0,14
BRDA:58,6,1,37
BRDA:60,7,0,11
BRDA:60,7,1,3
BRDA:67,8,0,35
BRDA:67,8,1,16
BRDA:71,9,0,25
BRDA:71,9,1,10
BRDA:83,10,0,1
BRDA:83,10,1,9
BRDA:93,11,0,22
BRDA:93,11,1,3
BRF:23
BRH:20
end_of_record
TN:
SF:src/routes/LocalizedEndRoute.ts
FN:11,(anonymous_0)
FN:18,(anonymous_1)
FN:23,(anonymous_2)
FN:27,(anonymous_3)
FN:31,(anonymous_4)
FN:35,(anonymous_5)
FNF:6
FNH:3
FNDA:12,(anonymous_0)
FNDA:56,(anonymous_1)
FNDA:10,(anonymous_2)
FNDA:0,(anonymous_3)
FNDA:0,(anonymous_4)
FNDA:0,(anonymous_5)
DA:12,12
DA:14,12
DA:15,12
DA:19,56
DA:20,56
DA:24,10
DA:28,0
DA:32,0
DA:36,0
LF:9
LH:6
BRDA:19,0,0,0
BRDA:19,0,1,56
BRF:2
BRH:1
end_of_record
TN:
SF:src/routes/LocalizedSegmentRoute.ts
FN:14,(anonymous_0)
FN:18,(anonymous_1)
FN:23,(anonymous_2)
FN:28,(anonymous_3)
FN:32,(anonymous_4)
FN:36,(anonymous_5)
FN:40,(anonymous_6)
FNF:7
FNH:5
FNDA:3,(anonymous_0)
FNDA:3,(anonymous_1)
FNDA:52,(anonymous_2)
FNDA:26,(anonymous_3)
FNDA:6,(anonymous_4)
FNDA:0,(anonymous_5)
FNDA:0,(anonymous_6)
DA:10,3
DA:15,3
DA:19,3
DA:20,3
DA:24,52
DA:25,52
DA:29,26
DA:33,6
DA:37,0
DA:41,0
LF:10
LH:8
BRDA:24,0,0,0
BRDA:24,0,1,52
BRF:2
BRH:1
end_of_record
TN:
SF:src/routes/NotLocalizedEndRoute.ts
FN:12,(anonymous_0)
FN:19,(anonymous_1)
FN:23,(anonymous_2)
FN:27,(anonymous_3)
FN:31,(anonymous_4)
FN:35,(anonymous_5)
FNF:6
FNH:3
FNDA:15,(anonymous_0)
FNDA:39,(anonymous_1)
FNDA:6,(anonymous_2)
FNDA:0,(anonymous_3)
FNDA:0,(anonymous_4)
FNDA:0,(anonymous_5)
DA:13,15
DA:15,15
DA:20,39
DA:24,6
DA:28,0
DA:32,0
DA:36,0
LF:7
LH:4
BRF:0
BRH:0
end_of_record
TN:
SF:src/routes/NotLocalizedSegmentRoute.ts
FN:17,(anonymous_0)
FN:21,(anonymous_1)
FN:26,(anonymous_2)
FN:30,(anonymous_3)
FN:34,(anonymous_4)
FN:38,(anonymous_5)
FN:42,(anonymous_6)
FNF:7
FNH:5
FNDA:9,(anonymous_0)
FNDA:4,(anonymous_1)
FNDA:18,(anonymous_2)
FNDA:9,(anonymous_3)
FNDA:7,(anonymous_4)
FNDA:0,(anonymous_5)
FNDA:0,(anonymous_6)
DA:13,9
DA:18,9
DA:22,4
DA:23,4
DA:27,18
DA:31,9
DA:35,7
DA:39,0
DA:43,0
LF:9
LH:7
BRF:0
BRH:0
end_of_record
TN:
SF:src/routes/create.ts
FN:16,(anonymous_0)
FN:25,(anonymous_1)
FN:44,(anonymous_2)
FN:48,(anonymous_3)
FN:59,(anonymous_4)
FN:74,(anonymous_5)
FN:82,(anonymous_6)
FNF:7
FNH:6
FNDA:14,(anonymous_0)
FNDA:28,(anonymous_1)
FNDA:0,(anonymous_2)
FNDA:15,(anonymous_3)
FNDA:11,(anonymous_4)
FNDA:9,(anonymous_5)
FNDA:3,(anonymous_6)
DA:16,6
DA:24,14
DA:25,14
DA:26,28
DA:27,28
DA:28,6
DA:32,6
DA:34,22
DA:38,22
DA:41,14
DA:44,6
DA:45,0
DA:48,6
DA:54,15
DA:55,15
DA:56,15
DA:59,6
DA:65,11
DA:66,11
DA:71,11
DA:74,6
DA:78,9
DA:79,9
DA:82,6
DA:86,3
DA:91,3
LF:26
LH:25
BRDA:27,0,0,6
BRDA:27,0,1,22
BRDA:45,1,0,0
BRDA:45,1,1,0
BRDA:54,2,0,15
BRDA:65,3,0,11
BRF:6
BRH:4
end_of_record
TN:
SF:src/routes/createRoutePath.ts
FN:16,internalCreateRoutePath
FN:26,(anonymous_1)
FN:39,(anonymous_2)
FN:44,(anonymous_3)
FNF:4
FNH:4
FNDA:60,internalCreateRoutePath
FNDA:45,(anonymous_1)
FNDA:19,(anonymous_2)
FNDA:41,(anonymous_3)
DA:21,60
DA:22,60
DA:26,60
DA:28,60
DA:30,41
DA:39,7
DA:42,19
DA:44,7
DA:47,41
LF:9
LH:9
BRDA:22,0,0,19
BRDA:22,0,1,41
BRDA:28,1,0,19
BRDA:28,1,1,41
BRF:4
BRH:4
end_of_record
TN:
SF:src/routes/index.ts
FNF:0
FNH:0
LF:0
LH:0
BRF:0
BRH:0
end_of_record
TN:
SF:src/utils/getKeys.ts
FN:1,(anonymous_0)
FNF:1
FNH:1
FNDA:24,(anonymous_0)
DA:1,6
DA:2,24
LF:2
LH:2
BRF:0
BRH:0
end_of_record
