{"/home/runner/work/router-segments/router-segments/src/index.ts": {"path":"/home/runner/work/router-segments/router-segments/src/index.ts","all":false,"statementMap":{"21":{"start":{"line":22,"column":0},"end":{"line":22,"column":71}}},"s":{"21":1},"branchMap":{},"b":{},"fnMap":{},"f":{}}
,"/home/runner/work/router-segments/router-segments/src/types.ts": {"path":"/home/runner/work/router-segments/router-segments/src/types.ts","all":true,"statementMap":{},"s":{},"branchMap":{"0":{"type":"branch","line":1,"loc":{"start":{"line":1,"column":639},"end":{"line":26,"column":2}},"locations":[{"start":{"line":1,"column":639},"end":{"line":26,"column":2}}]}},"b":{"0":[1]},"fnMap":{"0":{"name":"(empty-report)","decl":{"start":{"line":1,"column":639},"end":{"line":26,"column":2}},"loc":{"start":{"line":1,"column":639},"end":{"line":26,"column":2}},"line":1}},"f":{"0":1}}
,"/home/runner/work/router-segments/router-segments/src/builder/createRouterBuilder.ts": {"path":"/home/runner/work/router-segments/router-segments/src/builder/createRouterBuilder.ts","all":false,"statementMap":{"1":{"start":{"line":2,"column":0},"end":{"line":2,"column":57}},"2":{"start":{"line":3,"column":0},"end":{"line":3,"column":8}},"16":{"start":{"line":17,"column":0},"end":{"line":17,"column":91}},"37":{"start":{"line":38,"column":0},"end":{"line":38,"column":74}},"38":{"start":{"line":39,"column":0},"end":{"line":39,"column":22}},"39":{"start":{"line":40,"column":0},"end":{"line":40,"column":37}},"40":{"start":{"line":41,"column":0},"end":{"line":41,"column":37}},"41":{"start":{"line":42,"column":0},"end":{"line":42,"column":47}},"42":{"start":{"line":43,"column":0},"end":{"line":43,"column":56}},"45":{"start":{"line":46,"column":0},"end":{"line":46,"column":6}},"47":{"start":{"line":48,"column":0},"end":{"line":48,"column":25}},"48":{"start":{"line":49,"column":0},"end":{"line":49,"column":16}},"49":{"start":{"line":50,"column":0},"end":{"line":50,"column":39}},"50":{"start":{"line":51,"column":0},"end":{"line":51,"column":14}},"51":{"start":{"line":52,"column":0},"end":{"line":52,"column":71}},"52":{"start":{"line":53,"column":0},"end":{"line":53,"column":29}},"53":{"start":{"line":54,"column":0},"end":{"line":54,"column":4}},"55":{"start":{"line":56,"column":0},"end":{"line":56,"column":71}},"56":{"start":{"line":57,"column":0},"end":{"line":57,"column":18}},"57":{"start":{"line":58,"column":0},"end":{"line":58,"column":18}},"58":{"start":{"line":59,"column":0},"end":{"line":59,"column":4}},"60":{"start":{"line":61,"column":0},"end":{"line":61,"column":53}},"61":{"start":{"line":62,"column":0},"end":{"line":62,"column":57}},"62":{"start":{"line":63,"column":0},"end":{"line":63,"column":49}},"63":{"start":{"line":64,"column":0},"end":{"line":64,"column":25}},"64":{"start":{"line":65,"column":0},"end":{"line":65,"column":27}},"65":{"start":{"line":66,"column":0},"end":{"line":66,"column":32}},"66":{"start":{"line":67,"column":0},"end":{"line":67,"column":21}},"67":{"start":{"line":68,"column":0},"end":{"line":68,"column":6}},"69":{"start":{"line":70,"column":0},"end":{"line":70,"column":19}},"70":{"start":{"line":71,"column":0},"end":{"line":71,"column":52}},"71":{"start":{"line":72,"column":0},"end":{"line":72,"column":20}},"72":{"start":{"line":73,"column":0},"end":{"line":73,"column":19}},"73":{"start":{"line":74,"column":0},"end":{"line":74,"column":10}},"74":{"start":{"line":75,"column":0},"end":{"line":75,"column":61}},"75":{"start":{"line":76,"column":0},"end":{"line":76,"column":78}},"76":{"start":{"line":77,"column":0},"end":{"line":77,"column":25}},"77":{"start":{"line":78,"column":0},"end":{"line":78,"column":68}},"78":{"start":{"line":79,"column":0},"end":{"line":79,"column":37}},"79":{"start":{"line":80,"column":0},"end":{"line":80,"column":21}},"80":{"start":{"line":81,"column":0},"end":{"line":81,"column":6}},"82":{"start":{"line":83,"column":0},"end":{"line":83,"column":17}},"83":{"start":{"line":84,"column":0},"end":{"line":84,"column":19}},"84":{"start":{"line":85,"column":0},"end":{"line":85,"column":79}},"85":{"start":{"line":86,"column":0},"end":{"line":86,"column":10}},"86":{"start":{"line":87,"column":0},"end":{"line":87,"column":70}},"87":{"start":{"line":88,"column":0},"end":{"line":88,"column":54}},"88":{"start":{"line":89,"column":0},"end":{"line":89,"column":21}},"89":{"start":{"line":90,"column":0},"end":{"line":90,"column":25}},"90":{"start":{"line":91,"column":0},"end":{"line":91,"column":21}},"91":{"start":{"line":92,"column":0},"end":{"line":92,"column":6}},"93":{"start":{"line":94,"column":0},"end":{"line":94,"column":26}},"94":{"start":{"line":95,"column":0},"end":{"line":95,"column":52}},"95":{"start":{"line":96,"column":0},"end":{"line":96,"column":79}},"96":{"start":{"line":97,"column":0},"end":{"line":97,"column":10}},"97":{"start":{"line":98,"column":0},"end":{"line":98,"column":61}},"98":{"start":{"line":99,"column":0},"end":{"line":99,"column":67}},"99":{"start":{"line":100,"column":0},"end":{"line":100,"column":23}},"100":{"start":{"line":101,"column":0},"end":{"line":101,"column":23}},"101":{"start":{"line":102,"column":0},"end":{"line":102,"column":8}},"102":{"start":{"line":103,"column":0},"end":{"line":103,"column":54}},"103":{"start":{"line":104,"column":0},"end":{"line":104,"column":21}},"104":{"start":{"line":105,"column":0},"end":{"line":105,"column":25}},"105":{"start":{"line":106,"column":0},"end":{"line":106,"column":21}},"106":{"start":{"line":107,"column":0},"end":{"line":107,"column":6}},"108":{"start":{"line":109,"column":0},"end":{"line":109,"column":28}},"109":{"start":{"line":110,"column":0},"end":{"line":110,"column":55}},"110":{"start":{"line":111,"column":0},"end":{"line":111,"column":4}},"111":{"start":{"line":112,"column":0},"end":{"line":112,"column":17}},"112":{"start":{"line":113,"column":0},"end":{"line":113,"column":1}}},"s":{"1":1,"2":1,"16":1,"37":1,"38":10,"39":10,"40":10,"41":10,"42":10,"45":10,"47":10,"48":22,"49":22,"50":22,"51":22,"52":21,"53":22,"55":10,"56":10,"57":10,"58":10,"60":10,"61":10,"62":8,"63":8,"64":8,"65":6,"66":6,"67":8,"69":10,"70":5,"71":5,"72":5,"73":5,"74":5,"75":4,"76":4,"77":5,"78":5,"79":5,"80":5,"82":10,"83":5,"84":5,"85":5,"86":5,"87":5,"88":5,"89":5,"90":5,"91":5,"93":10,"94":2,"95":2,"96":2,"97":2,"98":1,"99":1,"100":1,"101":1,"102":1,"103":1,"104":1,"105":1,"106":2,"108":10,"109":10,"110":10,"111":10,"112":10},"branchMap":{"0":{"type":"branch","line":38,"loc":{"start":{"line":38,"column":7},"end":{"line":113,"column":1}},"locations":[{"start":{"line":38,"column":7},"end":{"line":113,"column":1}}]},"1":{"type":"branch","line":41,"loc":{"start":{"line":41,"column":24},"end":{"line":41,"column":37}},"locations":[{"start":{"line":41,"column":24},"end":{"line":41,"column":37}}]},"2":{"type":"branch","line":48,"loc":{"start":{"line":48,"column":24},"end":{"line":54,"column":4}},"locations":[{"start":{"line":48,"column":24},"end":{"line":54,"column":4}}]},"3":{"type":"branch","line":52,"loc":{"start":{"line":52,"column":27},"end":{"line":52,"column":71}},"locations":[{"start":{"line":52,"column":27},"end":{"line":52,"column":71}}]},"4":{"type":"branch","line":52,"loc":{"start":{"line":52,"column":69},"end":{"line":53,"column":29}},"locations":[{"start":{"line":52,"column":69},"end":{"line":53,"column":29}}]},"5":{"type":"branch","line":62,"loc":{"start":{"line":62,"column":9},"end":{"line":68,"column":6}},"locations":[{"start":{"line":62,"column":9},"end":{"line":68,"column":6}}]},"6":{"type":"branch","line":65,"loc":{"start":{"line":65,"column":16},"end":{"line":65,"column":27}},"locations":[{"start":{"line":65,"column":16},"end":{"line":65,"column":27}}]},"7":{"type":"branch","line":65,"loc":{"start":{"line":65,"column":22},"end":{"line":67,"column":21}},"locations":[{"start":{"line":65,"column":22},"end":{"line":67,"column":21}}]},"8":{"type":"branch","line":70,"loc":{"start":{"line":70,"column":18},"end":{"line":81,"column":6}},"locations":[{"start":{"line":70,"column":18},"end":{"line":81,"column":6}}]},"9":{"type":"branch","line":75,"loc":{"start":{"line":75,"column":26},"end":{"line":75,"column":61}},"locations":[{"start":{"line":75,"column":26},"end":{"line":75,"column":61}}]},"10":{"type":"branch","line":75,"loc":{"start":{"line":75,"column":59},"end":{"line":78,"column":38}},"locations":[{"start":{"line":75,"column":59},"end":{"line":78,"column":38}}]},"11":{"type":"branch","line":78,"loc":{"start":{"line":78,"column":31},"end":{"line":78,"column":68}},"locations":[{"start":{"line":78,"column":31},"end":{"line":78,"column":68}}]},"12":{"type":"branch","line":83,"loc":{"start":{"line":83,"column":16},"end":{"line":92,"column":6}},"locations":[{"start":{"line":83,"column":16},"end":{"line":92,"column":6}}]},"13":{"type":"branch","line":94,"loc":{"start":{"line":94,"column":25},"end":{"line":107,"column":6}},"locations":[{"start":{"line":94,"column":25},"end":{"line":107,"column":6}}]},"14":{"type":"branch","line":98,"loc":{"start":{"line":98,"column":26},"end":{"line":106,"column":21}},"locations":[{"start":{"line":98,"column":26},"end":{"line":106,"column":21}}]},"15":{"type":"branch","line":109,"loc":{"start":{"line":109,"column":15},"end":{"line":109,"column":28}},"locations":[{"start":{"line":109,"column":15},"end":{"line":109,"column":28}}]},"16":{"type":"branch","line":110,"loc":{"start":{"line":110,"column":18},"end":{"line":110,"column":55}},"locations":[{"start":{"line":110,"column":18},"end":{"line":110,"column":55}}]}},"b":{"0":[10],"1":[4],"2":[22],"3":[1],"4":[21],"5":[8],"6":[4],"7":[6],"8":[5],"9":[1],"10":[4],"11":[2],"12":[5],"13":[2],"14":[1],"15":[1],"16":[7]},"fnMap":{"0":{"name":"createRouterBuilder","decl":{"start":{"line":38,"column":7},"end":{"line":113,"column":1}},"loc":{"start":{"line":38,"column":7},"end":{"line":113,"column":1}},"line":38},"1":{"name":"addToRouteMap","decl":{"start":{"line":48,"column":24},"end":{"line":54,"column":4}},"loc":{"start":{"line":48,"column":24},"end":{"line":54,"column":4}},"line":48},"2":{"name":"add","decl":{"start":{"line":62,"column":9},"end":{"line":68,"column":6}},"loc":{"start":{"line":62,"column":9},"end":{"line":68,"column":6}},"line":62},"3":{"name":"addLocalized","decl":{"start":{"line":70,"column":18},"end":{"line":81,"column":6}},"loc":{"start":{"line":70,"column":18},"end":{"line":81,"column":6}},"line":70},"4":{"name":"addSegment","decl":{"start":{"line":83,"column":16},"end":{"line":92,"column":6}},"loc":{"start":{"line":83,"column":16},"end":{"line":92,"column":6}},"line":83},"5":{"name":"addLocalizedSegment","decl":{"start":{"line":94,"column":25},"end":{"line":107,"column":6}},"loc":{"start":{"line":94,"column":25},"end":{"line":107,"column":6}},"line":94},"6":{"name":"getRoutes","decl":{"start":{"line":109,"column":15},"end":{"line":109,"column":28}},"loc":{"start":{"line":109,"column":15},"end":{"line":109,"column":28}},"line":109},"7":{"name":"createRouter","decl":{"start":{"line":110,"column":18},"end":{"line":110,"column":55}},"loc":{"start":{"line":110,"column":18},"end":{"line":110,"column":55}},"line":110}},"f":{"0":10,"1":22,"2":8,"3":5,"4":5,"5":2,"6":1,"7":7}}
,"/home/runner/work/router-segments/router-segments/src/builder/createSegmentRouterBuilderCreator.ts": {"path":"/home/runner/work/router-segments/router-segments/src/builder/createSegmentRouterBuilderCreator.ts","all":false,"statementMap":{"0":{"start":{"line":1,"column":0},"end":{"line":1,"column":8}},"12":{"start":{"line":13,"column":0},"end":{"line":13,"column":46}},"32":{"start":{"line":33,"column":0},"end":{"line":33,"column":50}},"36":{"start":{"line":37,"column":0},"end":{"line":37,"column":37}},"37":{"start":{"line":38,"column":0},"end":{"line":38,"column":75}},"40":{"start":{"line":41,"column":0},"end":{"line":41,"column":46}},"41":{"start":{"line":42,"column":0},"end":{"line":42,"column":38}},"42":{"start":{"line":43,"column":0},"end":{"line":43,"column":50}},"43":{"start":{"line":44,"column":0},"end":{"line":44,"column":49}},"44":{"start":{"line":45,"column":0},"end":{"line":45,"column":71}},"45":{"start":{"line":46,"column":0},"end":{"line":46,"column":60}},"47":{"start":{"line":48,"column":0},"end":{"line":48,"column":39}},"48":{"start":{"line":49,"column":0},"end":{"line":49,"column":52}},"49":{"start":{"line":50,"column":0},"end":{"line":50,"column":41}},"51":{"start":{"line":52,"column":0},"end":{"line":52,"column":75}},"56":{"start":{"line":57,"column":0},"end":{"line":57,"column":60}},"57":{"start":{"line":58,"column":0},"end":{"line":58,"column":57}},"58":{"start":{"line":59,"column":0},"end":{"line":59,"column":33}},"59":{"start":{"line":60,"column":0},"end":{"line":60,"column":17}},"60":{"start":{"line":61,"column":0},"end":{"line":61,"column":10}},"61":{"start":{"line":62,"column":0},"end":{"line":62,"column":9}},"63":{"start":{"line":64,"column":0},"end":{"line":64,"column":36}},"64":{"start":{"line":65,"column":0},"end":{"line":65,"column":6}},"66":{"start":{"line":67,"column":0},"end":{"line":67,"column":44}},"67":{"start":{"line":68,"column":0},"end":{"line":68,"column":61}},"68":{"start":{"line":69,"column":0},"end":{"line":69,"column":19}},"69":{"start":{"line":70,"column":0},"end":{"line":70,"column":35}},"71":{"start":{"line":72,"column":0},"end":{"line":72,"column":67}},"75":{"start":{"line":76,"column":0},"end":{"line":76,"column":67}},"76":{"start":{"line":77,"column":0},"end":{"line":77,"column":38}},"77":{"start":{"line":78,"column":0},"end":{"line":78,"column":9}},"78":{"start":{"line":79,"column":0},"end":{"line":79,"column":28}},"79":{"start":{"line":80,"column":0},"end":{"line":80,"column":6}},"81":{"start":{"line":82,"column":0},"end":{"line":82,"column":38}},"82":{"start":{"line":83,"column":0},"end":{"line":83,"column":52}},"83":{"start":{"line":84,"column":0},"end":{"line":84,"column":20}},"84":{"start":{"line":85,"column":0},"end":{"line":85,"column":19}},"85":{"start":{"line":86,"column":0},"end":{"line":86,"column":48}},"86":{"start":{"line":87,"column":0},"end":{"line":87,"column":79}},"87":{"start":{"line":88,"column":0},"end":{"line":88,"column":77}},"88":{"start":{"line":89,"column":0},"end":{"line":89,"column":41}},"89":{"start":{"line":90,"column":0},"end":{"line":90,"column":23}},"90":{"start":{"line":91,"column":0},"end":{"line":91,"column":31}},"91":{"start":{"line":92,"column":0},"end":{"line":92,"column":12}},"92":{"start":{"line":93,"column":0},"end":{"line":93,"column":8}},"93":{"start":{"line":94,"column":0},"end":{"line":94,"column":37}},"94":{"start":{"line":95,"column":0},"end":{"line":95,"column":19}},"95":{"start":{"line":96,"column":0},"end":{"line":96,"column":6}},"97":{"start":{"line":98,"column":0},"end":{"line":98,"column":29}},"98":{"start":{"line":99,"column":0},"end":{"line":99,"column":19}},"99":{"start":{"line":100,"column":0},"end":{"line":100,"column":20}},"100":{"start":{"line":101,"column":0},"end":{"line":101,"column":19}},"101":{"start":{"line":102,"column":0},"end":{"line":102,"column":39}},"102":{"start":{"line":103,"column":0},"end":{"line":103,"column":39}},"103":{"start":{"line":104,"column":0},"end":{"line":104,"column":40}},"104":{"start":{"line":105,"column":0},"end":{"line":105,"column":41}},"105":{"start":{"line":106,"column":0},"end":{"line":106,"column":69}},"106":{"start":{"line":107,"column":0},"end":{"line":107,"column":17}},"107":{"start":{"line":108,"column":0},"end":{"line":108,"column":12}},"108":{"start":{"line":109,"column":0},"end":{"line":109,"column":14}},"109":{"start":{"line":110,"column":0},"end":{"line":110,"column":14}},"110":{"start":{"line":111,"column":0},"end":{"line":111,"column":10}},"111":{"start":{"line":112,"column":0},"end":{"line":112,"column":7}},"113":{"start":{"line":114,"column":0},"end":{"line":114,"column":49}},"114":{"start":{"line":115,"column":0},"end":{"line":115,"column":57}},"115":{"start":{"line":116,"column":0},"end":{"line":116,"column":51}},"116":{"start":{"line":117,"column":0},"end":{"line":117,"column":37}},"117":{"start":{"line":118,"column":0},"end":{"line":118,"column":19}},"118":{"start":{"line":119,"column":0},"end":{"line":119,"column":6}},"120":{"start":{"line":121,"column":0},"end":{"line":121,"column":42}},"121":{"start":{"line":122,"column":0},"end":{"line":122,"column":52}},"122":{"start":{"line":123,"column":0},"end":{"line":123,"column":79}},"123":{"start":{"line":124,"column":0},"end":{"line":124,"column":52}},"124":{"start":{"line":125,"column":0},"end":{"line":125,"column":79}},"125":{"start":{"line":126,"column":0},"end":{"line":126,"column":67}},"126":{"start":{"line":127,"column":0},"end":{"line":127,"column":23}},"127":{"start":{"line":128,"column":0},"end":{"line":128,"column":31}},"128":{"start":{"line":129,"column":0},"end":{"line":129,"column":8}},"129":{"start":{"line":130,"column":0},"end":{"line":130,"column":54}},"130":{"start":{"line":131,"column":0},"end":{"line":131,"column":21}},"131":{"start":{"line":132,"column":0},"end":{"line":132,"column":19}},"132":{"start":{"line":133,"column":0},"end":{"line":133,"column":6}},"134":{"start":{"line":135,"column":0},"end":{"line":135,"column":33}},"135":{"start":{"line":136,"column":0},"end":{"line":136,"column":19}},"136":{"start":{"line":137,"column":0},"end":{"line":137,"column":79}},"137":{"start":{"line":138,"column":0},"end":{"line":138,"column":43}},"138":{"start":{"line":139,"column":0},"end":{"line":139,"column":39}},"139":{"start":{"line":140,"column":0},"end":{"line":140,"column":44}},"140":{"start":{"line":141,"column":0},"end":{"line":141,"column":41}},"141":{"start":{"line":142,"column":0},"end":{"line":142,"column":69}},"142":{"start":{"line":143,"column":0},"end":{"line":143,"column":17}},"143":{"start":{"line":144,"column":0},"end":{"line":144,"column":12}},"144":{"start":{"line":145,"column":0},"end":{"line":145,"column":23}},"145":{"start":{"line":146,"column":0},"end":{"line":146,"column":10}},"146":{"start":{"line":147,"column":0},"end":{"line":147,"column":7}},"148":{"start":{"line":149,"column":0},"end":{"line":149,"column":49}},"149":{"start":{"line":150,"column":0},"end":{"line":150,"column":78}},"150":{"start":{"line":151,"column":0},"end":{"line":151,"column":54}},"151":{"start":{"line":152,"column":0},"end":{"line":152,"column":21}},"152":{"start":{"line":153,"column":0},"end":{"line":153,"column":19}},"153":{"start":{"line":154,"column":0},"end":{"line":154,"column":6}},"155":{"start":{"line":156,"column":0},"end":{"line":156,"column":12}},"156":{"start":{"line":157,"column":0},"end":{"line":157,"column":60}},"157":{"start":{"line":158,"column":0},"end":{"line":158,"column":66}},"158":{"start":{"line":159,"column":0},"end":{"line":159,"column":8}},"160":{"start":{"line":161,"column":0},"end":{"line":161,"column":65}},"161":{"start":{"line":162,"column":0},"end":{"line":162,"column":72}},"162":{"start":{"line":163,"column":0},"end":{"line":163,"column":8}},"164":{"start":{"line":165,"column":0},"end":{"line":165,"column":21}},"165":{"start":{"line":166,"column":0},"end":{"line":166,"column":54}},"166":{"start":{"line":167,"column":0},"end":{"line":167,"column":22}},"167":{"start":{"line":168,"column":0},"end":{"line":168,"column":21}},"168":{"start":{"line":169,"column":0},"end":{"line":169,"column":18}},"169":{"start":{"line":170,"column":0},"end":{"line":170,"column":63}},"170":{"start":{"line":171,"column":0},"end":{"line":171,"column":39}},"171":{"start":{"line":172,"column":0},"end":{"line":172,"column":61}},"172":{"start":{"line":173,"column":0},"end":{"line":173,"column":10}},"173":{"start":{"line":174,"column":0},"end":{"line":174,"column":8}},"175":{"start":{"line":176,"column":0},"end":{"line":176,"column":19}},"176":{"start":{"line":177,"column":0},"end":{"line":177,"column":21}},"177":{"start":{"line":178,"column":0},"end":{"line":178,"column":23}},"180":{"start":{"line":181,"column":0},"end":{"line":181,"column":18}},"181":{"start":{"line":182,"column":0},"end":{"line":182,"column":80}},"182":{"start":{"line":183,"column":0},"end":{"line":183,"column":8}},"184":{"start":{"line":185,"column":0},"end":{"line":185,"column":28}},"185":{"start":{"line":186,"column":0},"end":{"line":186,"column":54}},"186":{"start":{"line":187,"column":0},"end":{"line":187,"column":23}},"189":{"start":{"line":190,"column":0},"end":{"line":190,"column":18}},"190":{"start":{"line":191,"column":0},"end":{"line":191,"column":63}},"191":{"start":{"line":192,"column":0},"end":{"line":192,"column":39}},"192":{"start":{"line":193,"column":0},"end":{"line":193,"column":69}},"193":{"start":{"line":194,"column":0},"end":{"line":194,"column":10}},"194":{"start":{"line":195,"column":0},"end":{"line":195,"column":8}},"195":{"start":{"line":196,"column":0},"end":{"line":196,"column":6}},"196":{"start":{"line":197,"column":0},"end":{"line":197,"column":4}},"197":{"start":{"line":198,"column":0},"end":{"line":198,"column":36}},"198":{"start":{"line":199,"column":0},"end":{"line":199,"column":1}}},"s":{"0":1,"12":1,"32":1,"36":10,"37":10,"40":10,"41":10,"42":9,"43":9,"44":9,"45":27,"47":9,"48":10,"49":10,"51":10,"56":10,"57":20,"58":20,"59":20,"60":20,"61":10,"63":10,"64":10,"66":9,"67":6,"68":6,"69":6,"71":6,"75":6,"76":12,"77":6,"78":6,"79":6,"81":9,"82":8,"83":8,"84":8,"85":8,"86":8,"87":8,"88":8,"89":8,"90":8,"91":8,"92":8,"93":8,"94":8,"95":8,"97":9,"98":11,"99":11,"100":11,"101":11,"102":11,"103":5,"104":5,"105":5,"106":5,"107":5,"108":5,"109":5,"110":5,"111":5,"113":6,"114":6,"115":6,"116":11,"117":11,"118":11,"120":9,"121":2,"122":2,"123":2,"124":2,"125":2,"126":2,"127":2,"128":2,"129":2,"130":2,"131":2,"132":2,"134":9,"135":2,"136":2,"137":2,"138":2,"139":1,"140":1,"141":1,"142":1,"143":1,"144":1,"145":1,"146":1,"148":1,"149":1,"150":1,"151":1,"152":1,"153":2,"155":9,"156":9,"157":5,"158":5,"160":9,"161":6,"162":6,"164":9,"165":4,"166":4,"167":4,"168":4,"169":4,"170":3,"171":3,"172":3,"173":4,"175":9,"176":2,"177":2,"180":2,"181":2,"182":2,"184":9,"185":2,"186":2,"189":2,"190":2,"191":1,"192":1,"193":1,"194":2,"195":9,"196":9,"197":10,"198":10},"branchMap":{"0":{"type":"branch","line":33,"loc":{"start":{"line":33,"column":7},"end":{"line":199,"column":1}},"locations":[{"start":{"line":33,"column":7},"end":{"line":199,"column":1}}]},"1":{"type":"branch","line":42,"loc":{"start":{"line":42,"column":37},"end":{"line":197,"column":4}},"locations":[{"start":{"line":42,"column":37},"end":{"line":197,"column":4}}]},"2":{"type":"branch","line":45,"loc":{"start":{"line":45,"column":28},"end":{"line":46,"column":60}},"locations":[{"start":{"line":45,"column":28},"end":{"line":46,"column":60}}]},"3":{"type":"branch","line":48,"loc":{"start":{"line":48,"column":38},"end":{"line":65,"column":6}},"locations":[{"start":{"line":48,"column":38},"end":{"line":65,"column":6}}]},"4":{"type":"branch","line":57,"loc":{"start":{"line":57,"column":38},"end":{"line":62,"column":7}},"locations":[{"start":{"line":57,"column":38},"end":{"line":62,"column":7}}]},"5":{"type":"branch","line":67,"loc":{"start":{"line":67,"column":43},"end":{"line":80,"column":6}},"locations":[{"start":{"line":67,"column":43},"end":{"line":80,"column":6}}]},"6":{"type":"branch","line":76,"loc":{"start":{"line":76,"column":54},"end":{"line":78,"column":7}},"locations":[{"start":{"line":76,"column":54},"end":{"line":78,"column":7}}]},"7":{"type":"branch","line":82,"loc":{"start":{"line":82,"column":37},"end":{"line":96,"column":6}},"locations":[{"start":{"line":82,"column":37},"end":{"line":96,"column":6}}]},"8":{"type":"branch","line":88,"loc":{"start":{"line":88,"column":31},"end":{"line":88,"column":77}},"locations":[{"start":{"line":88,"column":31},"end":{"line":88,"column":77}}]},"9":{"type":"branch","line":98,"loc":{"start":{"line":98,"column":28},"end":{"line":119,"column":6}},"locations":[{"start":{"line":98,"column":28},"end":{"line":119,"column":6}}]},"10":{"type":"branch","line":103,"loc":{"start":{"line":103,"column":38},"end":{"line":116,"column":51}},"locations":[{"start":{"line":103,"column":38},"end":{"line":116,"column":51}}]},"11":{"type":"branch","line":103,"loc":{"start":{"line":103,"column":38},"end":{"line":112,"column":7}},"locations":[{"start":{"line":103,"column":38},"end":{"line":112,"column":7}}]},"12":{"type":"branch","line":116,"loc":{"start":{"line":116,"column":31},"end":{"line":116,"column":51}},"locations":[{"start":{"line":116,"column":31},"end":{"line":116,"column":51}}]},"13":{"type":"branch","line":121,"loc":{"start":{"line":121,"column":41},"end":{"line":133,"column":6}},"locations":[{"start":{"line":121,"column":41},"end":{"line":133,"column":6}}]},"14":{"type":"branch","line":135,"loc":{"start":{"line":135,"column":32},"end":{"line":154,"column":6}},"locations":[{"start":{"line":135,"column":32},"end":{"line":154,"column":6}}]},"15":{"type":"branch","line":139,"loc":{"start":{"line":139,"column":38},"end":{"line":153,"column":19}},"locations":[{"start":{"line":139,"column":38},"end":{"line":153,"column":19}}]},"16":{"type":"branch","line":157,"loc":{"start":{"line":157,"column":20},"end":{"line":159,"column":8}},"locations":[{"start":{"line":157,"column":20},"end":{"line":159,"column":8}}]},"17":{"type":"branch","line":161,"loc":{"start":{"line":161,"column":11},"end":{"line":163,"column":8}},"locations":[{"start":{"line":161,"column":11},"end":{"line":163,"column":8}}]},"18":{"type":"branch","line":165,"loc":{"start":{"line":165,"column":20},"end":{"line":174,"column":8}},"locations":[{"start":{"line":165,"column":20},"end":{"line":174,"column":8}}]},"19":{"type":"branch","line":170,"loc":{"start":{"line":170,"column":28},"end":{"line":173,"column":10}},"locations":[{"start":{"line":170,"column":28},"end":{"line":173,"column":10}}]},"20":{"type":"branch","line":170,"loc":{"start":{"line":170,"column":28},"end":{"line":170,"column":63}},"locations":[{"start":{"line":170,"column":28},"end":{"line":170,"column":63}}]},"21":{"type":"branch","line":176,"loc":{"start":{"line":176,"column":18},"end":{"line":183,"column":8}},"locations":[{"start":{"line":176,"column":18},"end":{"line":183,"column":8}}]},"22":{"type":"branch","line":185,"loc":{"start":{"line":185,"column":27},"end":{"line":195,"column":8}},"locations":[{"start":{"line":185,"column":27},"end":{"line":195,"column":8}}]},"23":{"type":"branch","line":191,"loc":{"start":{"line":191,"column":28},"end":{"line":194,"column":10}},"locations":[{"start":{"line":191,"column":28},"end":{"line":194,"column":10}}]}},"b":{"0":[10],"1":[9],"2":[27],"3":[10],"4":[20],"5":[6],"6":[12],"7":[8],"8":[1],"9":[11],"10":[6],"11":[5],"12":[1],"13":[2],"14":[2],"15":[1],"16":[5],"17":[6],"18":[4],"19":[3],"20":[1],"21":[2],"22":[2],"23":[1]},"fnMap":{"0":{"name":"createSegmentRouterBuilderCreator","decl":{"start":{"line":33,"column":7},"end":{"line":199,"column":1}},"loc":{"start":{"line":33,"column":7},"end":{"line":199,"column":1}},"line":33},"1":{"name":"createSegmentRouterBuilder","decl":{"start":{"line":42,"column":37},"end":{"line":197,"column":4}},"loc":{"start":{"line":42,"column":37},"end":{"line":197,"column":4}},"line":42},"2":{"name":"getCompletePath","decl":{"start":{"line":45,"column":28},"end":{"line":46,"column":60}},"loc":{"start":{"line":45,"column":28},"end":{"line":46,"column":60}},"line":45},"3":{"name":"getCompleteLocalizedPaths","decl":{"start":{"line":48,"column":38},"end":{"line":65,"column":6}},"loc":{"start":{"line":48,"column":38},"end":{"line":65,"column":6}},"line":48},"4":{"name":"createLocalizedPathFromSegment","decl":{"start":{"line":67,"column":43},"end":{"line":80,"column":6}},"loc":{"start":{"line":67,"column":43},"end":{"line":80,"column":6}},"line":67},"5":{"name":"_createLocalizedEndRoute","decl":{"start":{"line":82,"column":37},"end":{"line":96,"column":6}},"loc":{"start":{"line":82,"column":37},"end":{"line":96,"column":6}},"line":82},"6":{"name":"_createEndRoute","decl":{"start":{"line":98,"column":28},"end":{"line":119,"column":6}},"loc":{"start":{"line":98,"column":28},"end":{"line":119,"column":6}},"line":98},"7":{"name":"_createLocalizedSegmentRoute","decl":{"start":{"line":121,"column":41},"end":{"line":133,"column":6}},"loc":{"start":{"line":121,"column":41},"end":{"line":133,"column":6}},"line":121},"8":{"name":"_createSegmentRoute","decl":{"start":{"line":135,"column":32},"end":{"line":154,"column":6}},"loc":{"start":{"line":135,"column":32},"end":{"line":154,"column":6}},"line":135},"9":{"name":"defaultRoute","decl":{"start":{"line":157,"column":20},"end":{"line":159,"column":8}},"loc":{"start":{"line":157,"column":20},"end":{"line":159,"column":8}},"line":157},"10":{"name":"add","decl":{"start":{"line":161,"column":11},"end":{"line":163,"column":8}},"loc":{"start":{"line":161,"column":11},"end":{"line":163,"column":8}},"line":161},"11":{"name":"addLocalized","decl":{"start":{"line":165,"column":20},"end":{"line":174,"column":8}},"loc":{"start":{"line":165,"column":20},"end":{"line":174,"column":8}},"line":165},"12":{"name":"addSegment","decl":{"start":{"line":176,"column":18},"end":{"line":183,"column":8}},"loc":{"start":{"line":176,"column":18},"end":{"line":183,"column":8}},"line":176},"13":{"name":"addLocalizedSegment","decl":{"start":{"line":185,"column":27},"end":{"line":195,"column":8}},"loc":{"start":{"line":185,"column":27},"end":{"line":195,"column":8}},"line":185}},"f":{"0":10,"1":9,"2":27,"3":10,"4":6,"5":8,"6":11,"7":2,"8":2,"9":5,"10":6,"11":4,"12":2,"13":2}}
,"/home/runner/work/router-segments/router-segments/src/router/createRouter.ts": {"path":"/home/runner/work/router-segments/router-segments/src/router/createRouter.ts","all":false,"statementMap":{"3":{"start":{"line":4,"column":0},"end":{"line":4,"column":43}},"15":{"start":{"line":16,"column":0},"end":{"line":16,"column":75}},"16":{"start":{"line":17,"column":0},"end":{"line":17,"column":36}},"17":{"start":{"line":18,"column":0},"end":{"line":18,"column":40}},"18":{"start":{"line":19,"column":0},"end":{"line":19,"column":30}},"19":{"start":{"line":20,"column":0},"end":{"line":20,"column":79}},"20":{"start":{"line":21,"column":0},"end":{"line":21,"column":41}},"21":{"start":{"line":22,"column":0},"end":{"line":22,"column":64}},"22":{"start":{"line":23,"column":0},"end":{"line":23,"column":17}},"23":{"start":{"line":24,"column":0},"end":{"line":24,"column":4}},"25":{"start":{"line":26,"column":0},"end":{"line":26,"column":10}},"26":{"start":{"line":27,"column":0},"end":{"line":27,"column":26}},"27":{"start":{"line":28,"column":0},"end":{"line":28,"column":11}},"28":{"start":{"line":29,"column":0},"end":{"line":29,"column":19}},"29":{"start":{"line":30,"column":0},"end":{"line":30,"column":23}},"30":{"start":{"line":31,"column":0},"end":{"line":31,"column":79}},"31":{"start":{"line":32,"column":0},"end":{"line":32,"column":64}},"32":{"start":{"line":33,"column":0},"end":{"line":33,"column":51}},"33":{"start":{"line":34,"column":0},"end":{"line":34,"column":22}},"34":{"start":{"line":35,"column":0},"end":{"line":35,"column":22}},"35":{"start":{"line":36,"column":0},"end":{"line":36,"column":18}},"36":{"start":{"line":37,"column":0},"end":{"line":37,"column":33}},"37":{"start":{"line":38,"column":0},"end":{"line":38,"column":68}},"38":{"start":{"line":39,"column":0},"end":{"line":39,"column":4}},"39":{"start":{"line":40,"column":0},"end":{"line":40,"column":1}}},"s":{"3":1,"15":1,"16":8,"17":8,"18":8,"19":8,"20":30,"21":30,"22":30,"23":30,"25":8,"26":8,"27":8,"28":29,"29":29,"30":29,"31":8,"32":1,"33":8,"34":1,"35":1,"36":1,"37":1,"38":8,"39":8},"branchMap":{"0":{"type":"branch","line":16,"loc":{"start":{"line":16,"column":7},"end":{"line":40,"column":1}},"locations":[{"start":{"line":16,"column":7},"end":{"line":40,"column":1}}]},"1":{"type":"branch","line":20,"loc":{"start":{"line":20,"column":27},"end":{"line":24,"column":4}},"locations":[{"start":{"line":20,"column":27},"end":{"line":24,"column":4}}]},"2":{"type":"branch","line":22,"loc":{"start":{"line":22,"column":16},"end":{"line":22,"column":64}},"locations":[{"start":{"line":22,"column":16},"end":{"line":22,"column":64}}]},"3":{"type":"branch","line":28,"loc":{"start":{"line":28,"column":10},"end":{"line":31,"column":79}},"locations":[{"start":{"line":28,"column":10},"end":{"line":31,"column":79}}]},"4":{"type":"branch","line":32,"loc":{"start":{"line":32,"column":12},"end":{"line":33,"column":51}},"locations":[{"start":{"line":32,"column":12},"end":{"line":33,"column":51}}]},"5":{"type":"branch","line":34,"loc":{"start":{"line":34,"column":21},"end":{"line":38,"column":68}},"locations":[{"start":{"line":34,"column":21},"end":{"line":38,"column":68}}]}},"b":{"0":[8],"1":[30],"2":[0],"3":[29],"4":[1],"5":[1]},"fnMap":{"0":{"name":"createRouter","decl":{"start":{"line":16,"column":7},"end":{"line":40,"column":1}},"loc":{"start":{"line":16,"column":7},"end":{"line":40,"column":1}},"line":16},"1":{"name":"getRequiredRoute","decl":{"start":{"line":20,"column":27},"end":{"line":24,"column":4}},"loc":{"start":{"line":20,"column":27},"end":{"line":24,"column":4}},"line":20},"2":{"name":"find","decl":{"start":{"line":28,"column":10},"end":{"line":31,"column":79}},"loc":{"start":{"line":28,"column":10},"end":{"line":31,"column":79}},"line":28},"3":{"name":"toPath","decl":{"start":{"line":32,"column":12},"end":{"line":33,"column":51}},"loc":{"start":{"line":32,"column":12},"end":{"line":33,"column":51}},"line":32},"4":{"name":"toLocalizedPath","decl":{"start":{"line":34,"column":21},"end":{"line":38,"column":68}},"loc":{"start":{"line":34,"column":21},"end":{"line":38,"column":68}},"line":34}},"f":{"0":8,"1":30,"2":29,"3":1,"4":1}}
,"/home/runner/work/router-segments/router-segments/src/router/findMatch.ts": {"path":"/home/runner/work/router-segments/router-segments/src/router/findMatch.ts","all":false,"statementMap":{"1":{"start":{"line":2,"column":0},"end":{"line":2,"column":44}},"18":{"start":{"line":19,"column":0},"end":{"line":19,"column":14}},"19":{"start":{"line":20,"column":0},"end":{"line":20,"column":39}},"20":{"start":{"line":21,"column":0},"end":{"line":21,"column":45}},"21":{"start":{"line":22,"column":0},"end":{"line":22,"column":16}},"31":{"start":{"line":32,"column":0},"end":{"line":32,"column":66}},"32":{"start":{"line":33,"column":0},"end":{"line":33,"column":7}},"33":{"start":{"line":34,"column":0},"end":{"line":34,"column":15}},"34":{"start":{"line":35,"column":0},"end":{"line":35,"column":9}},"35":{"start":{"line":36,"column":0},"end":{"line":36,"column":27}},"36":{"start":{"line":37,"column":0},"end":{"line":37,"column":14}},"37":{"start":{"line":38,"column":0},"end":{"line":38,"column":59}},"40":{"start":{"line":41,"column":0},"end":{"line":41,"column":13}},"41":{"start":{"line":42,"column":0},"end":{"line":42,"column":20}},"43":{"start":{"line":44,"column":0},"end":{"line":44,"column":35}},"44":{"start":{"line":45,"column":0},"end":{"line":45,"column":64}},"47":{"start":{"line":48,"column":0},"end":{"line":48,"column":62}},"48":{"start":{"line":49,"column":0},"end":{"line":49,"column":70}},"49":{"start":{"line":50,"column":0},"end":{"line":50,"column":5}},"52":{"start":{"line":53,"column":0},"end":{"line":53,"column":58}},"53":{"start":{"line":54,"column":0},"end":{"line":54,"column":60}},"54":{"start":{"line":55,"column":0},"end":{"line":55,"column":5}},"56":{"start":{"line":57,"column":0},"end":{"line":57,"column":46}},"58":{"start":{"line":59,"column":0},"end":{"line":59,"column":29}},"60":{"start":{"line":61,"column":0},"end":{"line":61,"column":60}},"62":{"start":{"line":63,"column":0},"end":{"line":63,"column":43}},"63":{"start":{"line":64,"column":0},"end":{"line":64,"column":20}},"65":{"start":{"line":66,"column":0},"end":{"line":66,"column":48}},"67":{"start":{"line":68,"column":0},"end":{"line":68,"column":69}},"68":{"start":{"line":69,"column":0},"end":{"line":69,"column":42}},"69":{"start":{"line":70,"column":0},"end":{"line":70,"column":71}},"70":{"start":{"line":71,"column":0},"end":{"line":71,"column":51}},"71":{"start":{"line":72,"column":0},"end":{"line":72,"column":9}},"72":{"start":{"line":73,"column":0},"end":{"line":73,"column":9}},"73":{"start":{"line":74,"column":0},"end":{"line":74,"column":5}},"75":{"start":{"line":76,"column":0},"end":{"line":76,"column":28}},"76":{"start":{"line":77,"column":0},"end":{"line":77,"column":63}},"77":{"start":{"line":78,"column":0},"end":{"line":78,"column":64}},"79":{"start":{"line":80,"column":0},"end":{"line":80,"column":26}},"80":{"start":{"line":81,"column":0},"end":{"line":81,"column":36}},"81":{"start":{"line":82,"column":0},"end":{"line":82,"column":36}},"82":{"start":{"line":83,"column":0},"end":{"line":83,"column":23}},"83":{"start":{"line":84,"column":0},"end":{"line":84,"column":39}},"84":{"start":{"line":85,"column":0},"end":{"line":85,"column":17}},"85":{"start":{"line":86,"column":0},"end":{"line":86,"column":22}},"86":{"start":{"line":87,"column":0},"end":{"line":87,"column":11}},"88":{"start":{"line":89,"column":0},"end":{"line":89,"column":31}},"89":{"start":{"line":90,"column":0},"end":{"line":90,"column":7}},"91":{"start":{"line":92,"column":0},"end":{"line":92,"column":34}},"92":{"start":{"line":93,"column":0},"end":{"line":93,"column":21}},"93":{"start":{"line":94,"column":0},"end":{"line":94,"column":7}},"95":{"start":{"line":96,"column":0},"end":{"line":96,"column":35}},"96":{"start":{"line":97,"column":0},"end":{"line":97,"column":5}},"98":{"start":{"line":99,"column":0},"end":{"line":99,"column":58}},"100":{"start":{"line":101,"column":0},"end":{"line":101,"column":28}},"101":{"start":{"line":102,"column":0},"end":{"line":102,"column":24}},"102":{"start":{"line":103,"column":0},"end":{"line":103,"column":25}},"103":{"start":{"line":104,"column":0},"end":{"line":104,"column":22}},"104":{"start":{"line":105,"column":0},"end":{"line":105,"column":16}},"105":{"start":{"line":106,"column":0},"end":{"line":106,"column":18}},"106":{"start":{"line":107,"column":0},"end":{"line":107,"column":7}},"108":{"start":{"line":109,"column":0},"end":{"line":109,"column":16}},"109":{"start":{"line":110,"column":0},"end":{"line":110,"column":5}},"111":{"start":{"line":112,"column":0},"end":{"line":112,"column":16}},"112":{"start":{"line":113,"column":0},"end":{"line":113,"column":2}},"114":{"start":{"line":115,"column":0},"end":{"line":115,"column":64}},"115":{"start":{"line":116,"column":0},"end":{"line":116,"column":15}},"116":{"start":{"line":117,"column":0},"end":{"line":117,"column":57}},"117":{"start":{"line":118,"column":0},"end":{"line":118,"column":19}},"118":{"start":{"line":119,"column":0},"end":{"line":119,"column":41}},"119":{"start":{"line":120,"column":0},"end":{"line":120,"column":73}},"120":{"start":{"line":121,"column":0},"end":{"line":121,"column":1}}},"s":{"1":1,"18":1,"19":1,"20":1,"21":0,"31":1,"32":61,"33":61,"34":61,"35":61,"36":61,"37":61,"40":61,"41":61,"43":61,"44":128,"47":128,"48":1,"49":1,"52":128,"53":127,"54":127,"56":127,"58":128,"60":51,"62":128,"63":17,"65":17,"67":17,"68":34,"69":34,"70":24,"71":24,"72":17,"73":17,"75":128,"76":35,"77":35,"79":35,"80":25,"81":25,"82":25,"83":25,"84":25,"85":25,"86":25,"88":25,"89":25,"91":35,"92":1,"93":1,"95":9,"96":9,"98":25,"100":25,"101":25,"102":25,"103":25,"104":25,"105":25,"106":25,"108":25,"109":61,"111":61,"112":61,"114":1,"115":36,"116":36,"117":36,"118":36,"119":36,"120":36},"branchMap":{"0":{"type":"branch","line":21,"loc":{"start":{"line":21,"column":44},"end":{"line":22,"column":16}},"locations":[{"start":{"line":21,"column":44},"end":{"line":22,"column":16}}]},"1":{"type":"branch","line":32,"loc":{"start":{"line":32,"column":26},"end":{"line":113,"column":2}},"locations":[{"start":{"line":32,"column":26},"end":{"line":113,"column":2}}]},"2":{"type":"branch","line":44,"loc":{"start":{"line":44,"column":14},"end":{"line":110,"column":3}},"locations":[{"start":{"line":44,"column":14},"end":{"line":110,"column":3}}]},"3":{"type":"branch","line":48,"loc":{"start":{"line":48,"column":61},"end":{"line":50,"column":5}},"locations":[{"start":{"line":48,"column":61},"end":{"line":50,"column":5}}]},"4":{"type":"branch","line":50,"loc":{"start":{"line":50,"column":4},"end":{"line":53,"column":57}},"locations":[{"start":{"line":50,"column":4},"end":{"line":53,"column":57}}]},"5":{"type":"branch","line":53,"loc":{"start":{"line":53,"column":57},"end":{"line":59,"column":23}},"locations":[{"start":{"line":53,"column":57},"end":{"line":59,"column":23}}]},"6":{"type":"branch","line":59,"loc":{"start":{"line":59,"column":16},"end":{"line":59,"column":29}},"locations":[{"start":{"line":59,"column":16},"end":{"line":59,"column":29}}]},"7":{"type":"branch","line":59,"loc":{"start":{"line":59,"column":23},"end":{"line":63,"column":42}},"locations":[{"start":{"line":59,"column":23},"end":{"line":63,"column":42}}]},"8":{"type":"branch","line":63,"loc":{"start":{"line":63,"column":42},"end":{"line":74,"column":5}},"locations":[{"start":{"line":63,"column":42},"end":{"line":74,"column":5}}]},"9":{"type":"branch","line":66,"loc":{"start":{"line":66,"column":24},"end":{"line":66,"column":48}},"locations":[{"start":{"line":66,"column":24},"end":{"line":66,"column":48}}]},"10":{"type":"branch","line":74,"loc":{"start":{"line":74,"column":4},"end":{"line":76,"column":27}},"locations":[{"start":{"line":74,"column":4},"end":{"line":76,"column":27}}]},"11":{"type":"branch","line":76,"loc":{"start":{"line":76,"column":27},"end":{"line":97,"column":5}},"locations":[{"start":{"line":76,"column":27},"end":{"line":97,"column":5}}]},"12":{"type":"branch","line":80,"loc":{"start":{"line":80,"column":25},"end":{"line":90,"column":7}},"locations":[{"start":{"line":80,"column":25},"end":{"line":90,"column":7}}]},"13":{"type":"branch","line":90,"loc":{"start":{"line":90,"column":6},"end":{"line":92,"column":33}},"locations":[{"start":{"line":90,"column":6},"end":{"line":92,"column":33}}]},"14":{"type":"branch","line":92,"loc":{"start":{"line":92,"column":33},"end":{"line":97,"column":5}},"locations":[{"start":{"line":92,"column":33},"end":{"line":97,"column":5}}]},"15":{"type":"branch","line":92,"loc":{"start":{"line":92,"column":33},"end":{"line":94,"column":7}},"locations":[{"start":{"line":92,"column":33},"end":{"line":94,"column":7}}]},"16":{"type":"branch","line":94,"loc":{"start":{"line":94,"column":6},"end":{"line":97,"column":5}},"locations":[{"start":{"line":94,"column":6},"end":{"line":97,"column":5}}]},"17":{"type":"branch","line":97,"loc":{"start":{"line":97,"column":4},"end":{"line":109,"column":16}},"locations":[{"start":{"line":97,"column":4},"end":{"line":109,"column":16}}]},"18":{"type":"branch","line":68,"loc":{"start":{"line":68,"column":36},"end":{"line":73,"column":7}},"locations":[{"start":{"line":68,"column":36},"end":{"line":73,"column":7}}]},"19":{"type":"branch","line":70,"loc":{"start":{"line":70,"column":27},"end":{"line":70,"column":70}},"locations":[{"start":{"line":70,"column":27},"end":{"line":70,"column":70}}]},"20":{"type":"branch","line":70,"loc":{"start":{"line":70,"column":70},"end":{"line":72,"column":9}},"locations":[{"start":{"line":70,"column":70},"end":{"line":72,"column":9}}]},"21":{"type":"branch","line":115,"loc":{"start":{"line":115,"column":7},"end":{"line":121,"column":1}},"locations":[{"start":{"line":115,"column":7},"end":{"line":121,"column":1}}]}},"b":{"0":[0],"1":[61],"2":[128],"3":[1],"4":[127],"5":[127],"6":[76],"7":[51],"8":[17],"9":[14],"10":[51],"11":[35],"12":[25],"13":[10],"14":[33],"15":[1],"16":[9],"17":[25],"18":[34],"19":[11],"20":[24],"21":[36]},"fnMap":{"0":{"name":"internalFindMatch","decl":{"start":{"line":32,"column":26},"end":{"line":113,"column":2}},"loc":{"start":{"line":32,"column":26},"end":{"line":113,"column":2}},"line":32},"1":{"name":"findMatch","decl":{"start":{"line":115,"column":7},"end":{"line":121,"column":1}},"loc":{"start":{"line":115,"column":7},"end":{"line":121,"column":1}},"line":115}},"f":{"0":61,"1":36}}
,"/home/runner/work/router-segments/router-segments/src/routes/LocalizedEndRoute.ts": {"path":"/home/runner/work/router-segments/router-segments/src/routes/LocalizedEndRoute.ts","all":false,"statementMap":{"3":{"start":{"line":4,"column":0},"end":{"line":4,"column":68}},"7":{"start":{"line":8,"column":0},"end":{"line":8,"column":1}},"8":{"start":{"line":9,"column":0},"end":{"line":9,"column":48}},"10":{"start":{"line":11,"column":0},"end":{"line":11,"column":16}},"12":{"start":{"line":13,"column":0},"end":{"line":13,"column":77}},"13":{"start":{"line":14,"column":0},"end":{"line":14,"column":41}},"15":{"start":{"line":16,"column":0},"end":{"line":16,"column":19}},"16":{"start":{"line":17,"column":0},"end":{"line":17,"column":24}},"17":{"start":{"line":18,"column":0},"end":{"line":18,"column":3}},"19":{"start":{"line":20,"column":0},"end":{"line":20,"column":43}},"20":{"start":{"line":21,"column":0},"end":{"line":21,"column":51}},"21":{"start":{"line":22,"column":0},"end":{"line":22,"column":44}},"22":{"start":{"line":23,"column":0},"end":{"line":23,"column":3}},"24":{"start":{"line":25,"column":0},"end":{"line":25,"column":22}},"25":{"start":{"line":26,"column":0},"end":{"line":26,"column":17}},"26":{"start":{"line":27,"column":0},"end":{"line":27,"column":3}},"28":{"start":{"line":29,"column":0},"end":{"line":29,"column":23}},"29":{"start":{"line":30,"column":0},"end":{"line":30,"column":16}},"30":{"start":{"line":31,"column":0},"end":{"line":31,"column":3}},"32":{"start":{"line":33,"column":0},"end":{"line":33,"column":23}},"33":{"start":{"line":34,"column":0},"end":{"line":34,"column":46}},"34":{"start":{"line":35,"column":0},"end":{"line":35,"column":3}},"36":{"start":{"line":37,"column":0},"end":{"line":37,"column":22}},"37":{"start":{"line":38,"column":0},"end":{"line":38,"column":41}},"38":{"start":{"line":39,"column":0},"end":{"line":39,"column":3}},"39":{"start":{"line":40,"column":0},"end":{"line":40,"column":1}}},"s":{"3":1,"7":12,"8":12,"10":12,"12":12,"13":12,"15":12,"16":12,"17":12,"19":12,"20":48,"21":48,"22":48,"24":12,"25":10,"26":10,"28":12,"29":0,"30":0,"32":12,"33":0,"34":0,"36":12,"37":0,"38":0,"39":12},"branchMap":{"0":{"type":"branch","line":8,"loc":{"start":{"line":8,"column":0},"end":{"line":40,"column":1}},"locations":[{"start":{"line":8,"column":0},"end":{"line":40,"column":1}}]},"1":{"type":"branch","line":13,"loc":{"start":{"line":13,"column":2},"end":{"line":18,"column":3}},"locations":[{"start":{"line":13,"column":2},"end":{"line":18,"column":3}}]},"2":{"type":"branch","line":20,"loc":{"start":{"line":20,"column":2},"end":{"line":23,"column":3}},"locations":[{"start":{"line":20,"column":2},"end":{"line":23,"column":3}}]},"3":{"type":"branch","line":21,"loc":{"start":{"line":21,"column":17},"end":{"line":21,"column":51}},"locations":[{"start":{"line":21,"column":17},"end":{"line":21,"column":51}}]},"4":{"type":"branch","line":25,"loc":{"start":{"line":25,"column":2},"end":{"line":27,"column":3}},"locations":[{"start":{"line":25,"column":2},"end":{"line":27,"column":3}}]}},"b":{"0":[12],"1":[12],"2":[48],"3":[0],"4":[10]},"fnMap":{"0":{"name":"<instance_members_initializer>","decl":{"start":{"line":8,"column":0},"end":{"line":40,"column":1}},"loc":{"start":{"line":8,"column":0},"end":{"line":40,"column":1}},"line":8},"1":{"name":"LocalizedEndRoute","decl":{"start":{"line":13,"column":2},"end":{"line":18,"column":3}},"loc":{"start":{"line":13,"column":2},"end":{"line":18,"column":3}},"line":13},"2":{"name":"getPath","decl":{"start":{"line":20,"column":2},"end":{"line":23,"column":3}},"loc":{"start":{"line":20,"column":2},"end":{"line":23,"column":3}},"line":20},"3":{"name":"isSegment","decl":{"start":{"line":25,"column":2},"end":{"line":27,"column":3}},"loc":{"start":{"line":25,"column":2},"end":{"line":27,"column":3}},"line":25},"4":{"name":"isLocalized","decl":{"start":{"line":29,"column":2},"end":{"line":31,"column":3}},"loc":{"start":{"line":29,"column":2},"end":{"line":31,"column":3}},"line":29},"5":{"name":"toJSON","decl":{"start":{"line":33,"column":2},"end":{"line":35,"column":3}},"loc":{"start":{"line":33,"column":2},"end":{"line":35,"column":3}},"line":33},"6":{"name":"toString","decl":{"start":{"line":37,"column":2},"end":{"line":39,"column":3}},"loc":{"start":{"line":37,"column":2},"end":{"line":39,"column":3}},"line":37}},"f":{"0":12,"1":12,"2":48,"3":10,"4":0,"5":0,"6":0}}
,"/home/runner/work/router-segments/router-segments/src/routes/LocalizedSegmentRoute.ts": {"path":"/home/runner/work/router-segments/router-segments/src/routes/LocalizedSegmentRoute.ts","all":false,"statementMap":{"4":{"start":{"line":5,"column":0},"end":{"line":5,"column":72}},"8":{"start":{"line":9,"column":0},"end":{"line":9,"column":1}},"9":{"start":{"line":10,"column":0},"end":{"line":10,"column":49}},"11":{"start":{"line":12,"column":0},"end":{"line":12,"column":62}},"13":{"start":{"line":14,"column":0},"end":{"line":14,"column":65}},"15":{"start":{"line":16,"column":0},"end":{"line":16,"column":63}},"16":{"start":{"line":17,"column":0},"end":{"line":17,"column":41}},"17":{"start":{"line":18,"column":0},"end":{"line":18,"column":3}},"19":{"start":{"line":20,"column":0},"end":{"line":20,"column":18}},"20":{"start":{"line":21,"column":0},"end":{"line":21,"column":24}},"21":{"start":{"line":22,"column":0},"end":{"line":22,"column":37}},"22":{"start":{"line":23,"column":0},"end":{"line":23,"column":3}},"24":{"start":{"line":25,"column":0},"end":{"line":25,"column":47}},"25":{"start":{"line":26,"column":0},"end":{"line":26,"column":51}},"26":{"start":{"line":27,"column":0},"end":{"line":27,"column":44}},"27":{"start":{"line":28,"column":0},"end":{"line":28,"column":3}},"29":{"start":{"line":30,"column":0},"end":{"line":30,"column":21}},"30":{"start":{"line":31,"column":0},"end":{"line":31,"column":16}},"31":{"start":{"line":32,"column":0},"end":{"line":32,"column":3}},"33":{"start":{"line":34,"column":0},"end":{"line":34,"column":23}},"34":{"start":{"line":35,"column":0},"end":{"line":35,"column":16}},"35":{"start":{"line":36,"column":0},"end":{"line":36,"column":3}},"37":{"start":{"line":38,"column":0},"end":{"line":38,"column":23}},"38":{"start":{"line":39,"column":0},"end":{"line":39,"column":46}},"39":{"start":{"line":40,"column":0},"end":{"line":40,"column":3}},"41":{"start":{"line":42,"column":0},"end":{"line":42,"column":22}},"42":{"start":{"line":43,"column":0},"end":{"line":43,"column":41}},"43":{"start":{"line":44,"column":0},"end":{"line":44,"column":3}},"44":{"start":{"line":45,"column":0},"end":{"line":45,"column":1}}},"s":{"4":1,"8":3,"9":3,"11":3,"13":3,"15":3,"16":3,"17":3,"19":3,"20":3,"21":3,"22":3,"24":3,"25":54,"26":54,"27":54,"29":3,"30":26,"31":26,"33":3,"34":6,"35":6,"37":3,"38":0,"39":0,"41":3,"42":0,"43":0,"44":3},"branchMap":{"0":{"type":"branch","line":9,"loc":{"start":{"line":9,"column":0},"end":{"line":45,"column":1}},"locations":[{"start":{"line":9,"column":0},"end":{"line":45,"column":1}}]},"1":{"type":"branch","line":16,"loc":{"start":{"line":16,"column":2},"end":{"line":18,"column":3}},"locations":[{"start":{"line":16,"column":2},"end":{"line":18,"column":3}}]},"2":{"type":"branch","line":20,"loc":{"start":{"line":20,"column":2},"end":{"line":23,"column":3}},"locations":[{"start":{"line":20,"column":2},"end":{"line":23,"column":3}}]},"3":{"type":"branch","line":25,"loc":{"start":{"line":25,"column":2},"end":{"line":28,"column":3}},"locations":[{"start":{"line":25,"column":2},"end":{"line":28,"column":3}}]},"4":{"type":"branch","line":26,"loc":{"start":{"line":26,"column":17},"end":{"line":26,"column":51}},"locations":[{"start":{"line":26,"column":17},"end":{"line":26,"column":51}}]},"5":{"type":"branch","line":30,"loc":{"start":{"line":30,"column":2},"end":{"line":32,"column":3}},"locations":[{"start":{"line":30,"column":2},"end":{"line":32,"column":3}}]},"6":{"type":"branch","line":34,"loc":{"start":{"line":34,"column":2},"end":{"line":36,"column":3}},"locations":[{"start":{"line":34,"column":2},"end":{"line":36,"column":3}}]}},"b":{"0":[3],"1":[3],"2":[3],"3":[54],"4":[0],"5":[26],"6":[6]},"fnMap":{"0":{"name":"<instance_members_initializer>","decl":{"start":{"line":9,"column":0},"end":{"line":45,"column":1}},"loc":{"start":{"line":9,"column":0},"end":{"line":45,"column":1}},"line":9},"1":{"name":"LocalizedSegmentRoute","decl":{"start":{"line":16,"column":2},"end":{"line":18,"column":3}},"loc":{"start":{"line":16,"column":2},"end":{"line":18,"column":3}},"line":16},"2":{"name":"freeze","decl":{"start":{"line":20,"column":2},"end":{"line":23,"column":3}},"loc":{"start":{"line":20,"column":2},"end":{"line":23,"column":3}},"line":20},"3":{"name":"getPath","decl":{"start":{"line":25,"column":2},"end":{"line":28,"column":3}},"loc":{"start":{"line":25,"column":2},"end":{"line":28,"column":3}},"line":25},"4":{"name":"isSegment","decl":{"start":{"line":30,"column":2},"end":{"line":32,"column":3}},"loc":{"start":{"line":30,"column":2},"end":{"line":32,"column":3}},"line":30},"5":{"name":"isLocalized","decl":{"start":{"line":34,"column":2},"end":{"line":36,"column":3}},"loc":{"start":{"line":34,"column":2},"end":{"line":36,"column":3}},"line":34},"6":{"name":"toJSON","decl":{"start":{"line":38,"column":2},"end":{"line":40,"column":3}},"loc":{"start":{"line":38,"column":2},"end":{"line":40,"column":3}},"line":38},"7":{"name":"toString","decl":{"start":{"line":42,"column":2},"end":{"line":44,"column":3}},"loc":{"start":{"line":42,"column":2},"end":{"line":44,"column":3}},"line":42}},"f":{"0":3,"1":3,"2":3,"3":54,"4":26,"5":6,"6":0,"7":0}}
,"/home/runner/work/router-segments/router-segments/src/routes/NotLocalizedEndRoute.ts": {"path":"/home/runner/work/router-segments/router-segments/src/routes/NotLocalizedEndRoute.ts","all":false,"statementMap":{"3":{"start":{"line":4,"column":0},"end":{"line":4,"column":71}},"7":{"start":{"line":8,"column":0},"end":{"line":8,"column":1}},"8":{"start":{"line":9,"column":0},"end":{"line":9,"column":21}},"10":{"start":{"line":11,"column":0},"end":{"line":11,"column":16}},"12":{"start":{"line":13,"column":0},"end":{"line":13,"column":50}},"13":{"start":{"line":14,"column":0},"end":{"line":14,"column":21}},"15":{"start":{"line":16,"column":0},"end":{"line":16,"column":19}},"17":{"start":{"line":18,"column":0},"end":{"line":18,"column":3}},"19":{"start":{"line":20,"column":0},"end":{"line":20,"column":27}},"20":{"start":{"line":21,"column":0},"end":{"line":21,"column":21}},"21":{"start":{"line":22,"column":0},"end":{"line":22,"column":3}},"23":{"start":{"line":24,"column":0},"end":{"line":24,"column":22}},"24":{"start":{"line":25,"column":0},"end":{"line":25,"column":17}},"25":{"start":{"line":26,"column":0},"end":{"line":26,"column":3}},"27":{"start":{"line":28,"column":0},"end":{"line":28,"column":24}},"28":{"start":{"line":29,"column":0},"end":{"line":29,"column":17}},"29":{"start":{"line":30,"column":0},"end":{"line":30,"column":3}},"31":{"start":{"line":32,"column":0},"end":{"line":32,"column":21}},"32":{"start":{"line":33,"column":0},"end":{"line":33,"column":21}},"33":{"start":{"line":34,"column":0},"end":{"line":34,"column":3}},"35":{"start":{"line":36,"column":0},"end":{"line":36,"column":22}},"36":{"start":{"line":37,"column":0},"end":{"line":37,"column":41}},"37":{"start":{"line":38,"column":0},"end":{"line":38,"column":3}},"38":{"start":{"line":39,"column":0},"end":{"line":39,"column":1}}},"s":{"3":1,"7":15,"8":15,"10":15,"12":15,"13":15,"15":15,"17":15,"19":15,"20":37,"21":37,"23":15,"24":6,"25":6,"27":15,"28":0,"29":0,"31":15,"32":0,"33":0,"35":15,"36":0,"37":0,"38":15},"branchMap":{"0":{"type":"branch","line":8,"loc":{"start":{"line":8,"column":0},"end":{"line":39,"column":1}},"locations":[{"start":{"line":8,"column":0},"end":{"line":39,"column":1}}]},"1":{"type":"branch","line":13,"loc":{"start":{"line":13,"column":2},"end":{"line":18,"column":3}},"locations":[{"start":{"line":13,"column":2},"end":{"line":18,"column":3}}]},"2":{"type":"branch","line":20,"loc":{"start":{"line":20,"column":2},"end":{"line":22,"column":3}},"locations":[{"start":{"line":20,"column":2},"end":{"line":22,"column":3}}]},"3":{"type":"branch","line":24,"loc":{"start":{"line":24,"column":2},"end":{"line":26,"column":3}},"locations":[{"start":{"line":24,"column":2},"end":{"line":26,"column":3}}]}},"b":{"0":[15],"1":[15],"2":[37],"3":[6]},"fnMap":{"0":{"name":"<instance_members_initializer>","decl":{"start":{"line":8,"column":0},"end":{"line":39,"column":1}},"loc":{"start":{"line":8,"column":0},"end":{"line":39,"column":1}},"line":8},"1":{"name":"NotLocalizedEndRoute","decl":{"start":{"line":13,"column":2},"end":{"line":18,"column":3}},"loc":{"start":{"line":13,"column":2},"end":{"line":18,"column":3}},"line":13},"2":{"name":"getPath","decl":{"start":{"line":20,"column":2},"end":{"line":22,"column":3}},"loc":{"start":{"line":20,"column":2},"end":{"line":22,"column":3}},"line":20},"3":{"name":"isSegment","decl":{"start":{"line":24,"column":2},"end":{"line":26,"column":3}},"loc":{"start":{"line":24,"column":2},"end":{"line":26,"column":3}},"line":24},"4":{"name":"isLocalized","decl":{"start":{"line":28,"column":2},"end":{"line":30,"column":3}},"loc":{"start":{"line":28,"column":2},"end":{"line":30,"column":3}},"line":28},"5":{"name":"toJSON","decl":{"start":{"line":32,"column":2},"end":{"line":34,"column":3}},"loc":{"start":{"line":32,"column":2},"end":{"line":34,"column":3}},"line":32},"6":{"name":"toString","decl":{"start":{"line":36,"column":2},"end":{"line":38,"column":3}},"loc":{"start":{"line":36,"column":2},"end":{"line":38,"column":3}},"line":36}},"f":{"0":15,"1":15,"2":37,"3":6,"4":0,"5":0,"6":0}}
,"/home/runner/work/router-segments/router-segments/src/routes/NotLocalizedSegmentRoute.ts": {"path":"/home/runner/work/router-segments/router-segments/src/routes/NotLocalizedSegmentRoute.ts","all":false,"statementMap":{"4":{"start":{"line":5,"column":0},"end":{"line":5,"column":75}},"8":{"start":{"line":9,"column":0},"end":{"line":9,"column":1}},"9":{"start":{"line":10,"column":0},"end":{"line":10,"column":25}},"11":{"start":{"line":12,"column":0},"end":{"line":12,"column":65}},"13":{"start":{"line":14,"column":0},"end":{"line":14,"column":68}},"15":{"start":{"line":16,"column":0},"end":{"line":16,"column":39}},"16":{"start":{"line":17,"column":0},"end":{"line":17,"column":21}},"17":{"start":{"line":18,"column":0},"end":{"line":18,"column":3}},"19":{"start":{"line":20,"column":0},"end":{"line":20,"column":18}},"20":{"start":{"line":21,"column":0},"end":{"line":21,"column":24}},"21":{"start":{"line":22,"column":0},"end":{"line":22,"column":37}},"22":{"start":{"line":23,"column":0},"end":{"line":23,"column":3}},"24":{"start":{"line":25,"column":0},"end":{"line":25,"column":31}},"25":{"start":{"line":26,"column":0},"end":{"line":26,"column":21}},"26":{"start":{"line":27,"column":0},"end":{"line":27,"column":3}},"28":{"start":{"line":29,"column":0},"end":{"line":29,"column":21}},"29":{"start":{"line":30,"column":0},"end":{"line":30,"column":16}},"30":{"start":{"line":31,"column":0},"end":{"line":31,"column":3}},"32":{"start":{"line":33,"column":0},"end":{"line":33,"column":24}},"33":{"start":{"line":34,"column":0},"end":{"line":34,"column":17}},"34":{"start":{"line":35,"column":0},"end":{"line":35,"column":3}},"36":{"start":{"line":37,"column":0},"end":{"line":37,"column":21}},"37":{"start":{"line":38,"column":0},"end":{"line":38,"column":21}},"38":{"start":{"line":39,"column":0},"end":{"line":39,"column":3}},"40":{"start":{"line":41,"column":0},"end":{"line":41,"column":22}},"41":{"start":{"line":42,"column":0},"end":{"line":42,"column":41}},"42":{"start":{"line":43,"column":0},"end":{"line":43,"column":3}},"43":{"start":{"line":44,"column":0},"end":{"line":44,"column":1}}},"s":{"4":1,"8":9,"9":9,"11":9,"13":9,"15":9,"16":9,"17":9,"19":9,"20":4,"21":4,"22":4,"24":9,"25":18,"26":18,"28":9,"29":9,"30":9,"32":9,"33":7,"34":7,"36":9,"37":0,"38":0,"40":9,"41":0,"42":0,"43":9},"branchMap":{"0":{"type":"branch","line":9,"loc":{"start":{"line":9,"column":0},"end":{"line":44,"column":1}},"locations":[{"start":{"line":9,"column":0},"end":{"line":44,"column":1}}]},"1":{"type":"branch","line":16,"loc":{"start":{"line":16,"column":2},"end":{"line":18,"column":3}},"locations":[{"start":{"line":16,"column":2},"end":{"line":18,"column":3}}]},"2":{"type":"branch","line":20,"loc":{"start":{"line":20,"column":2},"end":{"line":23,"column":3}},"locations":[{"start":{"line":20,"column":2},"end":{"line":23,"column":3}}]},"3":{"type":"branch","line":25,"loc":{"start":{"line":25,"column":2},"end":{"line":27,"column":3}},"locations":[{"start":{"line":25,"column":2},"end":{"line":27,"column":3}}]},"4":{"type":"branch","line":29,"loc":{"start":{"line":29,"column":2},"end":{"line":31,"column":3}},"locations":[{"start":{"line":29,"column":2},"end":{"line":31,"column":3}}]},"5":{"type":"branch","line":33,"loc":{"start":{"line":33,"column":2},"end":{"line":35,"column":3}},"locations":[{"start":{"line":33,"column":2},"end":{"line":35,"column":3}}]}},"b":{"0":[9],"1":[9],"2":[4],"3":[18],"4":[9],"5":[7]},"fnMap":{"0":{"name":"<instance_members_initializer>","decl":{"start":{"line":9,"column":0},"end":{"line":44,"column":1}},"loc":{"start":{"line":9,"column":0},"end":{"line":44,"column":1}},"line":9},"1":{"name":"NotLocalizedSegmentRoute","decl":{"start":{"line":16,"column":2},"end":{"line":18,"column":3}},"loc":{"start":{"line":16,"column":2},"end":{"line":18,"column":3}},"line":16},"2":{"name":"freeze","decl":{"start":{"line":20,"column":2},"end":{"line":23,"column":3}},"loc":{"start":{"line":20,"column":2},"end":{"line":23,"column":3}},"line":20},"3":{"name":"getPath","decl":{"start":{"line":25,"column":2},"end":{"line":27,"column":3}},"loc":{"start":{"line":25,"column":2},"end":{"line":27,"column":3}},"line":25},"4":{"name":"isSegment","decl":{"start":{"line":29,"column":2},"end":{"line":31,"column":3}},"loc":{"start":{"line":29,"column":2},"end":{"line":31,"column":3}},"line":29},"5":{"name":"isLocalized","decl":{"start":{"line":33,"column":2},"end":{"line":35,"column":3}},"loc":{"start":{"line":33,"column":2},"end":{"line":35,"column":3}},"line":33},"6":{"name":"toJSON","decl":{"start":{"line":37,"column":2},"end":{"line":39,"column":3}},"loc":{"start":{"line":37,"column":2},"end":{"line":39,"column":3}},"line":37},"7":{"name":"toString","decl":{"start":{"line":41,"column":2},"end":{"line":43,"column":3}},"loc":{"start":{"line":41,"column":2},"end":{"line":43,"column":3}},"line":41}},"f":{"0":9,"1":9,"2":4,"3":18,"4":9,"5":7,"6":0,"7":0}}
,"/home/runner/work/router-segments/router-segments/src/routes/create.ts": {"path":"/home/runner/work/router-segments/router-segments/src/routes/create.ts","all":false,"statementMap":{"6":{"start":{"line":7,"column":0},"end":{"line":7,"column":46}},"7":{"start":{"line":8,"column":0},"end":{"line":8,"column":59}},"8":{"start":{"line":9,"column":0},"end":{"line":9,"column":67}},"9":{"start":{"line":10,"column":0},"end":{"line":10,"column":74}},"10":{"start":{"line":11,"column":0},"end":{"line":11,"column":73}},"11":{"start":{"line":12,"column":0},"end":{"line":12,"column":79}},"13":{"start":{"line":14,"column":0},"end":{"line":14,"column":30}},"17":{"start":{"line":18,"column":0},"end":{"line":18,"column":54}},"18":{"start":{"line":19,"column":0},"end":{"line":19,"column":62}},"19":{"start":{"line":20,"column":0},"end":{"line":20,"column":19}},"20":{"start":{"line":21,"column":0},"end":{"line":21,"column":26}},"21":{"start":{"line":22,"column":0},"end":{"line":22,"column":50}},"22":{"start":{"line":23,"column":0},"end":{"line":23,"column":62}},"23":{"start":{"line":24,"column":0},"end":{"line":24,"column":46}},"24":{"start":{"line":25,"column":0},"end":{"line":25,"column":18}},"25":{"start":{"line":26,"column":0},"end":{"line":26,"column":66}},"26":{"start":{"line":27,"column":0},"end":{"line":27,"column":13}},"27":{"start":{"line":28,"column":0},"end":{"line":28,"column":45}},"28":{"start":{"line":29,"column":0},"end":{"line":29,"column":8}},"29":{"start":{"line":30,"column":0},"end":{"line":30,"column":53}},"30":{"start":{"line":31,"column":0},"end":{"line":31,"column":12}},"31":{"start":{"line":32,"column":0},"end":{"line":32,"column":55}},"32":{"start":{"line":33,"column":0},"end":{"line":33,"column":13}},"33":{"start":{"line":34,"column":0},"end":{"line":34,"column":45}},"34":{"start":{"line":35,"column":0},"end":{"line":35,"column":8}},"35":{"start":{"line":36,"column":0},"end":{"line":36,"column":53}},"36":{"start":{"line":37,"column":0},"end":{"line":37,"column":5}},"37":{"start":{"line":38,"column":0},"end":{"line":38,"column":5}},"38":{"start":{"line":39,"column":0},"end":{"line":39,"column":24}},"39":{"start":{"line":40,"column":0},"end":{"line":40,"column":2}},"41":{"start":{"line":42,"column":0},"end":{"line":42,"column":53}},"42":{"start":{"line":43,"column":0},"end":{"line":43,"column":69}},"43":{"start":{"line":44,"column":0},"end":{"line":44,"column":2}},"45":{"start":{"line":46,"column":0},"end":{"line":46,"column":66}},"46":{"start":{"line":47,"column":0},"end":{"line":47,"column":15}},"47":{"start":{"line":48,"column":0},"end":{"line":48,"column":23}},"48":{"start":{"line":49,"column":0},"end":{"line":49,"column":16}},"49":{"start":{"line":50,"column":0},"end":{"line":50,"column":32}},"51":{"start":{"line":52,"column":0},"end":{"line":52,"column":46}},"52":{"start":{"line":53,"column":0},"end":{"line":53,"column":32}},"53":{"start":{"line":54,"column":0},"end":{"line":54,"column":64}},"54":{"start":{"line":55,"column":0},"end":{"line":55,"column":5}},"55":{"start":{"line":56,"column":0},"end":{"line":56,"column":18}},"56":{"start":{"line":57,"column":0},"end":{"line":57,"column":3}},"57":{"start":{"line":58,"column":0},"end":{"line":58,"column":70}},"58":{"start":{"line":59,"column":0},"end":{"line":59,"column":35}},"59":{"start":{"line":60,"column":0},"end":{"line":60,"column":2}},"61":{"start":{"line":62,"column":0},"end":{"line":62,"column":75}},"62":{"start":{"line":63,"column":0},"end":{"line":63,"column":54}},"63":{"start":{"line":64,"column":0},"end":{"line":64,"column":62}},"64":{"start":{"line":65,"column":0},"end":{"line":65,"column":16}},"65":{"start":{"line":66,"column":0},"end":{"line":66,"column":44}},"67":{"start":{"line":68,"column":0},"end":{"line":68,"column":59}},"68":{"start":{"line":69,"column":0},"end":{"line":69,"column":69}},"69":{"start":{"line":70,"column":0},"end":{"line":70,"column":25}},"70":{"start":{"line":71,"column":0},"end":{"line":71,"column":33}},"71":{"start":{"line":72,"column":0},"end":{"line":72,"column":10}},"72":{"start":{"line":73,"column":0},"end":{"line":73,"column":4}},"73":{"start":{"line":74,"column":0},"end":{"line":74,"column":52}},"74":{"start":{"line":75,"column":0},"end":{"line":75,"column":2}},"76":{"start":{"line":77,"column":0},"end":{"line":77,"column":73}},"77":{"start":{"line":78,"column":0},"end":{"line":78,"column":15}},"78":{"start":{"line":79,"column":0},"end":{"line":79,"column":23}},"79":{"start":{"line":80,"column":0},"end":{"line":80,"column":51}},"80":{"start":{"line":81,"column":0},"end":{"line":81,"column":63}},"81":{"start":{"line":82,"column":0},"end":{"line":82,"column":49}},"82":{"start":{"line":83,"column":0},"end":{"line":83,"column":2}},"84":{"start":{"line":85,"column":0},"end":{"line":85,"column":44}},"88":{"start":{"line":89,"column":0},"end":{"line":89,"column":54}},"89":{"start":{"line":90,"column":0},"end":{"line":90,"column":62}},"90":{"start":{"line":91,"column":0},"end":{"line":91,"column":48}},"91":{"start":{"line":92,"column":0},"end":{"line":92,"column":73}},"92":{"start":{"line":93,"column":0},"end":{"line":93,"column":25}},"93":{"start":{"line":94,"column":0},"end":{"line":94,"column":33}},"94":{"start":{"line":95,"column":0},"end":{"line":95,"column":9}},"95":{"start":{"line":96,"column":0},"end":{"line":96,"column":4}},"96":{"start":{"line":97,"column":0},"end":{"line":97,"column":51}},"97":{"start":{"line":98,"column":0},"end":{"line":98,"column":2}}},"s":{"6":1,"7":1,"8":1,"9":1,"10":1,"11":1,"13":1,"17":14,"18":14,"19":14,"20":14,"21":14,"22":14,"23":28,"24":28,"25":6,"26":6,"27":6,"28":6,"29":6,"30":28,"31":22,"32":22,"33":22,"34":22,"35":22,"36":22,"37":14,"38":14,"39":14,"41":1,"42":30,"43":30,"45":1,"46":17,"47":17,"48":17,"49":17,"51":17,"52":17,"53":0,"54":0,"55":17,"56":17,"57":15,"58":15,"59":15,"61":1,"62":13,"63":13,"64":13,"65":13,"67":13,"68":11,"69":11,"70":11,"71":11,"72":11,"73":11,"74":11,"76":1,"77":9,"78":9,"79":9,"80":9,"81":9,"82":9,"84":1,"88":3,"89":3,"90":3,"91":3,"92":3,"93":3,"94":3,"95":3,"96":3,"97":3},"branchMap":{"0":{"type":"branch","line":14,"loc":{"start":{"line":14,"column":29},"end":{"line":40,"column":2}},"locations":[{"start":{"line":14,"column":29},"end":{"line":40,"column":2}}]},"1":{"type":"branch","line":23,"loc":{"start":{"line":23,"column":40},"end":{"line":38,"column":3}},"locations":[{"start":{"line":23,"column":40},"end":{"line":38,"column":3}}]},"2":{"type":"branch","line":25,"loc":{"start":{"line":25,"column":17},"end":{"line":31,"column":11}},"locations":[{"start":{"line":25,"column":17},"end":{"line":31,"column":11}}]},"3":{"type":"branch","line":31,"loc":{"start":{"line":31,"column":4},"end":{"line":37,"column":5}},"locations":[{"start":{"line":31,"column":4},"end":{"line":37,"column":5}}]},"4":{"type":"branch","line":42,"loc":{"start":{"line":42,"column":17},"end":{"line":44,"column":2}},"locations":[{"start":{"line":42,"column":17},"end":{"line":44,"column":2}}]},"5":{"type":"branch","line":43,"loc":{"start":{"line":43,"column":12},"end":{"line":43,"column":69}},"locations":[{"start":{"line":43,"column":12},"end":{"line":43,"column":69}}]},"6":{"type":"branch","line":46,"loc":{"start":{"line":46,"column":27},"end":{"line":60,"column":2}},"locations":[{"start":{"line":46,"column":27},"end":{"line":60,"column":2}}]},"7":{"type":"branch","line":53,"loc":{"start":{"line":53,"column":31},"end":{"line":55,"column":5}},"locations":[{"start":{"line":53,"column":31},"end":{"line":55,"column":5}}]},"8":{"type":"branch","line":57,"loc":{"start":{"line":57,"column":2},"end":{"line":60,"column":2}},"locations":[{"start":{"line":57,"column":2},"end":{"line":60,"column":2}}]},"9":{"type":"branch","line":62,"loc":{"start":{"line":62,"column":36},"end":{"line":75,"column":2}},"locations":[{"start":{"line":62,"column":36},"end":{"line":75,"column":2}}]},"10":{"type":"branch","line":68,"loc":{"start":{"line":68,"column":57},"end":{"line":75,"column":2}},"locations":[{"start":{"line":68,"column":57},"end":{"line":75,"column":2}}]},"11":{"type":"branch","line":77,"loc":{"start":{"line":77,"column":34},"end":{"line":83,"column":2}},"locations":[{"start":{"line":77,"column":34},"end":{"line":83,"column":2}}]},"12":{"type":"branch","line":85,"loc":{"start":{"line":85,"column":43},"end":{"line":98,"column":2}},"locations":[{"start":{"line":85,"column":43},"end":{"line":98,"column":2}}]}},"b":{"0":[14],"1":[28],"2":[6],"3":[22],"4":[30],"5":[4],"6":[17],"7":[0],"8":[15],"9":[13],"10":[11],"11":[9],"12":[3]},"fnMap":{"0":{"name":"createLocalizedPaths","decl":{"start":{"line":14,"column":29},"end":{"line":40,"column":2}},"loc":{"start":{"line":14,"column":29},"end":{"line":40,"column":2}},"line":14},"1":{"name":"checkRef","decl":{"start":{"line":42,"column":17},"end":{"line":44,"column":2}},"loc":{"start":{"line":42,"column":17},"end":{"line":44,"column":2}},"line":42},"2":{"name":"createRoute","decl":{"start":{"line":46,"column":27},"end":{"line":60,"column":2}},"loc":{"start":{"line":46,"column":27},"end":{"line":60,"column":2}},"line":46},"3":{"name":"createLocalizedRoute","decl":{"start":{"line":62,"column":36},"end":{"line":75,"column":2}},"loc":{"start":{"line":62,"column":36},"end":{"line":75,"column":2}},"line":62},"4":{"name":"createSegmentRoute","decl":{"start":{"line":77,"column":34},"end":{"line":83,"column":2}},"loc":{"start":{"line":77,"column":34},"end":{"line":83,"column":2}},"line":77},"5":{"name":"createLocalizedSegmentRoute","decl":{"start":{"line":85,"column":43},"end":{"line":98,"column":2}},"loc":{"start":{"line":85,"column":43},"end":{"line":98,"column":2}},"line":85}},"f":{"0":14,"1":30,"2":17,"3":13,"4":9,"5":3}}
,"/home/runner/work/router-segments/router-segments/src/routes/createRoutePath.ts": {"path":"/home/runner/work/router-segments/router-segments/src/routes/createRoutePath.ts","all":false,"statementMap":{"0":{"start":{"line":1,"column":0},"end":{"line":1,"column":55}},"14":{"start":{"line":15,"column":0},"end":{"line":15,"column":33}},"15":{"start":{"line":16,"column":0},"end":{"line":16,"column":15}},"16":{"start":{"line":17,"column":0},"end":{"line":17,"column":23}},"17":{"start":{"line":18,"column":0},"end":{"line":18,"column":19}},"18":{"start":{"line":19,"column":0},"end":{"line":19,"column":36}},"19":{"start":{"line":20,"column":0},"end":{"line":20,"column":55}},"20":{"start":{"line":21,"column":0},"end":{"line":21,"column":20}},"21":{"start":{"line":22,"column":0},"end":{"line":22,"column":20}},"22":{"start":{"line":23,"column":0},"end":{"line":23,"column":18}},"23":{"start":{"line":24,"column":0},"end":{"line":24,"column":5}},"25":{"start":{"line":26,"column":0},"end":{"line":26,"column":66}},"27":{"start":{"line":28,"column":0},"end":{"line":28,"column":66}},"29":{"start":{"line":30,"column":0},"end":{"line":30,"column":10}},"30":{"start":{"line":31,"column":0},"end":{"line":31,"column":9}},"31":{"start":{"line":32,"column":0},"end":{"line":32,"column":17}},"32":{"start":{"line":33,"column":0},"end":{"line":33,"column":11}},"33":{"start":{"line":34,"column":0},"end":{"line":34,"column":16}},"34":{"start":{"line":35,"column":0},"end":{"line":35,"column":34}},"35":{"start":{"line":36,"column":0},"end":{"line":36,"column":4}},"36":{"start":{"line":37,"column":0},"end":{"line":37,"column":1}},"38":{"start":{"line":39,"column":0},"end":{"line":39,"column":39}},"39":{"start":{"line":40,"column":0},"end":{"line":40,"column":15}},"40":{"start":{"line":41,"column":0},"end":{"line":41,"column":23}},"41":{"start":{"line":42,"column":0},"end":{"line":42,"column":73}},"43":{"start":{"line":44,"column":0},"end":{"line":44,"column":32}},"44":{"start":{"line":45,"column":0},"end":{"line":45,"column":15}},"45":{"start":{"line":46,"column":0},"end":{"line":46,"column":23}},"46":{"start":{"line":47,"column":0},"end":{"line":47,"column":70}}},"s":{"0":1,"14":60,"15":60,"16":60,"17":60,"18":60,"19":60,"20":60,"21":60,"22":60,"23":60,"25":60,"27":60,"29":41,"30":41,"31":41,"32":41,"33":41,"34":41,"35":41,"36":41,"38":1,"39":19,"40":19,"41":19,"43":1,"44":41,"45":41,"46":41},"branchMap":{"0":{"type":"branch","line":15,"loc":{"start":{"line":15,"column":0},"end":{"line":37,"column":1}},"locations":[{"start":{"line":15,"column":0},"end":{"line":37,"column":1}}]},"1":{"type":"branch","line":28,"loc":{"start":{"line":28,"column":15},"end":{"line":37,"column":1}},"locations":[{"start":{"line":28,"column":15},"end":{"line":37,"column":1}}]},"2":{"type":"branch","line":28,"loc":{"start":{"line":28,"column":15},"end":{"line":28,"column":66}},"locations":[{"start":{"line":28,"column":15},"end":{"line":28,"column":66}}]},"3":{"type":"branch","line":28,"loc":{"start":{"line":28,"column":64},"end":{"line":37,"column":1}},"locations":[{"start":{"line":28,"column":64},"end":{"line":37,"column":1}}]},"4":{"type":"branch","line":26,"loc":{"start":{"line":26,"column":31},"end":{"line":26,"column":48}},"locations":[{"start":{"line":26,"column":31},"end":{"line":26,"column":48}}]},"5":{"type":"branch","line":39,"loc":{"start":{"line":39,"column":38},"end":{"line":42,"column":73}},"locations":[{"start":{"line":39,"column":38},"end":{"line":42,"column":73}}]},"6":{"type":"branch","line":44,"loc":{"start":{"line":44,"column":31},"end":{"line":47,"column":70}},"locations":[{"start":{"line":44,"column":31},"end":{"line":47,"column":70}}]}},"b":{"0":[60],"1":[56],"2":[19],"3":[41],"4":[41],"5":[19],"6":[41]},"fnMap":{"0":{"name":"internalCreateRoutePath","decl":{"start":{"line":15,"column":0},"end":{"line":37,"column":1}},"loc":{"start":{"line":15,"column":0},"end":{"line":37,"column":1}},"line":15},"1":{"name":"createRoutePathSegment","decl":{"start":{"line":39,"column":38},"end":{"line":42,"column":73}},"loc":{"start":{"line":39,"column":38},"end":{"line":42,"column":73}},"line":39},"2":{"name":"createRoutePath","decl":{"start":{"line":44,"column":31},"end":{"line":47,"column":70}},"loc":{"start":{"line":44,"column":31},"end":{"line":47,"column":70}},"line":44}},"f":{"0":60,"1":19,"2":41}}
,"/home/runner/work/router-segments/router-segments/src/routes/index.ts": {"path":"/home/runner/work/router-segments/router-segments/src/routes/index.ts","all":false,"statementMap":{"0":{"start":{"line":1,"column":0},"end":{"line":1,"column":65}},"1":{"start":{"line":2,"column":0},"end":{"line":2,"column":59}},"2":{"start":{"line":3,"column":0},"end":{"line":3,"column":73}},"3":{"start":{"line":4,"column":0},"end":{"line":4,"column":67}}},"s":{"0":1,"1":1,"2":1,"3":1},"branchMap":{},"b":{},"fnMap":{},"f":{}}
,"/home/runner/work/router-segments/router-segments/src/routes/interfaces.ts": {"path":"/home/runner/work/router-segments/router-segments/src/routes/interfaces.ts","all":true,"statementMap":{},"s":{},"branchMap":{"0":{"type":"branch","line":1,"loc":{"start":{"line":1,"column":1302},"end":{"line":54,"column":1}},"locations":[{"start":{"line":1,"column":1302},"end":{"line":54,"column":1}}]}},"b":{"0":[1]},"fnMap":{"0":{"name":"(empty-report)","decl":{"start":{"line":1,"column":1302},"end":{"line":54,"column":1}},"loc":{"start":{"line":1,"column":1302},"end":{"line":54,"column":1}},"line":1}},"f":{"0":1}}
,"/home/runner/work/router-segments/router-segments/src/routes/types.ts": {"path":"/home/runner/work/router-segments/router-segments/src/routes/types.ts","all":true,"statementMap":{},"s":{},"branchMap":{"0":{"type":"branch","line":1,"loc":{"start":{"line":1,"column":382},"end":{"line":16,"column":50}},"locations":[{"start":{"line":1,"column":382},"end":{"line":16,"column":50}}]}},"b":{"0":[1]},"fnMap":{"0":{"name":"(empty-report)","decl":{"start":{"line":1,"column":382},"end":{"line":16,"column":50}},"loc":{"start":{"line":1,"column":382},"end":{"line":16,"column":50}},"line":1}},"f":{"0":1}}
,"/home/runner/work/router-segments/router-segments/src/utils/getKeys.ts": {"path":"/home/runner/work/router-segments/router-segments/src/utils/getKeys.ts","all":false,"statementMap":{"0":{"start":{"line":1,"column":0},"end":{"line":1,"column":80}},"1":{"start":{"line":2,"column":0},"end":{"line":2,"column":32}}},"s":{"0":1,"1":24},"branchMap":{"0":{"type":"branch","line":1,"loc":{"start":{"line":1,"column":23},"end":{"line":2,"column":32}},"locations":[{"start":{"line":1,"column":23},"end":{"line":2,"column":32}}]}},"b":{"0":[24]},"fnMap":{"0":{"name":"getKeys","decl":{"start":{"line":1,"column":23},"end":{"line":2,"column":32}},"loc":{"start":{"line":1,"column":23},"end":{"line":2,"column":32}},"line":1}},"f":{"0":24}}
}
