TN:
SF:/home/ubuntu/router-segments/src/index.js
FNF:0
FNH:0
LF:0
LH:0
BRF:0
BRH:0
end_of_record
TN:
SF:/home/ubuntu/router-segments/src/types.js
FNF:0
FNH:0
LF:0
LH:0
BRF:0
BRH:0
end_of_record
TN:
SF:/home/ubuntu/router-segments/src/builder/createRouterBuilder.js
FN:20,(anonymous_0)
FN:25,(anonymous_1)
FN:36,(anonymous_2)
FN:43,(anonymous_3)
FN:51,(anonymous_4)
FN:58,(anonymous_5)
FN:69,(anonymous_6)
FN:70,(anonymous_7)
FNF:8
FNH:8
FNDA:10,(anonymous_0)
FNDA:22,(anonymous_1)
FNDA:8,(anonymous_2)
FNDA:5,(anonymous_3)
FNDA:5,(anonymous_4)
FNDA:2,(anonymous_5)
FNDA:1,(anonymous_6)
FNDA:7,(anonymous_7)
DA:21,10
DA:22,10
DA:23,10
DA:25,10
DA:26,22
DA:27,21
DA:30,10
DA:35,10
DA:37,8
DA:38,6
DA:39,6
DA:40,6
DA:44,5
DA:45,4
DA:46,2
DA:47,2
DA:48,2
DA:52,5
DA:53,5
DA:54,3
DA:55,3
DA:62,2
DA:63,1
DA:64,1
DA:65,1
DA:66,1
DA:69,1
DA:70,7
LF:28
LH:28
BRDA:21,0,0,10
BRDA:21,0,1,4
BRDA:26,1,0,1
BRDA:26,1,1,21
BRDA:39,2,0,4
BRDA:39,2,1,2
BRDA:44,3,0,1
BRDA:44,3,1,4
BRDA:47,4,0,2
BRDA:47,4,1,2
BRDA:62,5,0,1
BRDA:62,5,1,1
BRF:12
BRH:12
end_of_record
TN:
SF:/home/ubuntu/router-segments/src/builder/createSegmentRouterBuilderCreator.js
FN:16,(anonymous_0)
FN:17,(anonymous_1)
FN:18,(anonymous_2)
FN:19,(anonymous_3)
FN:23,(anonymous_4)
FN:24,(anonymous_5)
FN:26,(anonymous_6)
FN:33,(anonymous_7)
FN:36,(anonymous_8)
FN:41,(anonymous_9)
FN:53,(anonymous_10)
FN:65,(anonymous_11)
FN:76,(anonymous_12)
FN:92,(anonymous_13)
FN:96,(anonymous_14)
FN:100,(anonymous_15)
FN:105,(anonymous_16)
FN:112,(anonymous_17)
FNF:18
FNH:18
FNDA:10,(anonymous_0)
FNDA:9,(anonymous_1)
FNDA:7,(anonymous_2)
FNDA:10,(anonymous_3)
FNDA:2,(anonymous_4)
FNDA:18,(anonymous_5)
FNDA:20,(anonymous_6)
FNDA:6,(anonymous_7)
FNDA:12,(anonymous_8)
FNDA:8,(anonymous_9)
FNDA:11,(anonymous_10)
FNDA:2,(anonymous_11)
FNDA:2,(anonymous_12)
FNDA:5,(anonymous_13)
FNDA:6,(anonymous_14)
FNDA:4,(anonymous_15)
FNDA:2,(anonymous_16)
FNDA:2,(anonymous_17)
DA:17,10
DA:18,9
DA:19,9
DA:20,10
DA:22,10
DA:23,2
DA:24,18
DA:26,10
DA:27,20
DA:30,10
DA:33,9
DA:34,6
DA:35,6
DA:36,12
DA:38,6
DA:41,9
DA:46,8
DA:47,8
DA:48,8
DA:49,8
DA:50,8
DA:53,9
DA:54,11
DA:55,5
DA:58,6
DA:59,6
DA:60,6
DA:61,6
DA:62,6
DA:65,9
DA:69,2
DA:70,2
DA:71,2
DA:72,2
DA:73,2
DA:76,9
DA:80,2
DA:81,1
DA:84,1
DA:85,1
DA:86,1
DA:87,1
DA:88,1
DA:91,9
DA:93,5
DA:97,6
DA:101,4
DA:102,3
DA:109,2
DA:116,2
DA:117,1
DA:121,10
LF:52
LH:52
BRDA:22,0,0,1
BRDA:22,0,1,9
BRDA:47,1,0,8
BRDA:47,1,1,1
BRDA:54,2,0,5
BRDA:54,2,1,6
BRDA:60,3,0,6
BRDA:60,3,1,1
BRDA:80,4,0,1
BRDA:80,4,1,1
BRDA:101,5,0,1
BRDA:101,5,1,3
BRDA:116,6,0,1
BRDA:116,6,1,1
BRF:14
BRH:14
end_of_record
TN:
SF:/home/ubuntu/router-segments/src/router/createRouter.js
FN:5,(anonymous_0)
FN:6,(anonymous_1)
FN:13,(anonymous_2)
FN:14,(anonymous_3)
FN:15,(anonymous_4)
FN:16,(anonymous_5)
FNF:6
FNH:6
FNDA:8,(anonymous_0)
FNDA:30,(anonymous_1)
FNDA:28,(anonymous_2)
FNDA:29,(anonymous_3)
FNDA:1,(anonymous_4)
FNDA:1,(anonymous_5)
DA:6,8
DA:7,30
DA:8,30
DA:9,30
DA:12,8
DA:13,28
DA:14,29
DA:15,1
DA:17,1
LF:9
LH:9
BRDA:8,0,0,0
BRDA:8,0,1,30
BRF:2
BRH:1
end_of_record
TN:
SF:/home/ubuntu/router-segments/src/router/findMatch.js
FN:7,(anonymous_0)
FN:9,(anonymous_1)
FN:18,(anonymous_2)
FN:40,(anonymous_3)
FN:84,(anonymous_4)
FNF:5
FNH:5
FNDA:3,(anonymous_0)
FNDA:61,(anonymous_1)
FNDA:136,(anonymous_2)
FNDA:21,(anonymous_3)
FNDA:36,(anonymous_4)
DA:5,6
DA:7,6
DA:9,6
DA:16,61
DA:18,61
DA:19,136
DA:21,136
DA:22,1
DA:28,135
DA:29,135
DA:31,51
DA:33,51
DA:34,51
DA:36,51
DA:38,14
DA:40,14
DA:41,21
DA:45,51
DA:46,35
DA:48,35
DA:49,25
DA:57,25
DA:60,10
DA:61,1
DA:64,9
DA:67,25
DA:69,25
DA:78,25
DA:81,60
DA:85,36
LF:30
LH:30
BRDA:5,0,0,6
BRDA:5,0,1,6
BRDA:7,1,0,2
BRDA:7,1,1,1
BRDA:21,2,0,1
BRDA:21,2,1,135
BRDA:21,3,0,136
BRDA:21,3,1,136
BRDA:29,4,0,84
BRDA:29,4,1,51
BRDA:36,5,0,14
BRDA:36,5,1,37
BRDA:38,6,0,11
BRDA:38,6,1,3
BRDA:45,7,0,35
BRDA:45,7,1,16
BRDA:48,8,0,25
BRDA:48,8,1,10
BRDA:60,9,0,1
BRDA:60,9,1,9
BRDA:67,10,0,22
BRDA:67,10,1,3
BRDA:84,11,0,19
BRF:23
BRH:23
end_of_record
TN:
SF:/home/ubuntu/router-segments/src/routes/EndRoute.js
FN:7,(anonymous_0)
FN:13,(anonymous_1)
FN:17,(anonymous_2)
FN:21,(anonymous_3)
FN:25,(anonymous_4)
FNF:5
FNH:3
FNDA:15,(anonymous_0)
FNDA:39,(anonymous_1)
FNDA:6,(anonymous_2)
FNDA:0,(anonymous_3)
FNDA:0,(anonymous_4)
DA:8,15
DA:9,15
DA:14,39
DA:18,6
DA:22,0
DA:26,0
LF:6
LH:4
BRF:0
BRH:0
end_of_record
TN:
SF:/home/ubuntu/router-segments/src/routes/LocalizedEndRoute.js
FN:7,(anonymous_0)
FN:13,(anonymous_1)
FN:17,(anonymous_2)
FN:21,(anonymous_3)
FN:25,(anonymous_4)
FNF:5
FNH:3
FNDA:12,(anonymous_0)
FNDA:56,(anonymous_1)
FNDA:10,(anonymous_2)
FNDA:0,(anonymous_3)
FNDA:0,(anonymous_4)
DA:8,12
DA:9,12
DA:10,12
DA:14,56
DA:18,10
DA:22,0
DA:26,0
LF:7
LH:5
BRF:0
BRH:0
end_of_record
TN:
SF:/home/ubuntu/router-segments/src/routes/LocalizedSegmentRoute.js
FN:9,(anonymous_0)
FN:13,(anonymous_1)
FN:18,(anonymous_2)
FN:22,(anonymous_3)
FN:26,(anonymous_4)
FN:30,(anonymous_5)
FNF:6
FNH:4
FNDA:3,(anonymous_0)
FNDA:3,(anonymous_1)
FNDA:34,(anonymous_2)
FNDA:26,(anonymous_3)
FNDA:0,(anonymous_4)
FNDA:0,(anonymous_5)
DA:10,3
DA:14,3
DA:15,3
DA:19,34
DA:23,26
DA:27,0
DA:31,0
LF:7
LH:5
BRF:0
BRH:0
end_of_record
TN:
SF:/home/ubuntu/router-segments/src/routes/SegmentRoute.js
FN:10,(anonymous_0)
FN:14,(anonymous_1)
FN:19,(anonymous_2)
FN:23,(anonymous_3)
FN:27,(anonymous_4)
FN:31,(anonymous_5)
FNF:6
FNH:4
FNDA:9,(anonymous_0)
FNDA:4,(anonymous_1)
FNDA:9,(anonymous_2)
FNDA:9,(anonymous_3)
FNDA:0,(anonymous_4)
FNDA:0,(anonymous_5)
DA:11,9
DA:15,4
DA:16,4
DA:20,9
DA:24,9
DA:28,0
DA:32,0
LF:7
LH:5
BRF:0
BRH:0
end_of_record
TN:
SF:/home/ubuntu/router-segments/src/routes/create.js
FN:14,(anonymous_0)
FN:20,(anonymous_1)
FN:36,(anonymous_2)
FN:40,(anonymous_3)
FN:47,(anonymous_4)
FN:58,(anonymous_5)
FN:63,(anonymous_6)
FNF:7
FNH:7
FNDA:14,(anonymous_0)
FNDA:28,(anonymous_1)
FNDA:30,(anonymous_2)
FNDA:17,(anonymous_3)
FNDA:13,(anonymous_4)
FNDA:9,(anonymous_5)
FNDA:3,(anonymous_6)
DA:14,6
DA:19,14
DA:20,14
DA:21,28
DA:22,28
DA:23,6
DA:27,6
DA:29,22
DA:30,22
DA:33,14
DA:36,6
DA:37,30
DA:40,6
DA:42,17
DA:43,15
DA:44,15
DA:47,6
DA:53,13
DA:54,11
DA:55,11
DA:58,6
DA:59,9
DA:60,9
DA:63,6
DA:67,3
DA:68,3
LF:26
LH:26
BRDA:22,0,0,6
BRDA:22,0,1,22
BRDA:37,1,0,4
BRDA:37,1,1,26
BRDA:42,2,0,17
BRDA:53,3,0,13
BRF:6
BRH:6
end_of_record
TN:
SF:/home/ubuntu/router-segments/src/routes/createRoutePath.js
FN:4,(anonymous_0)
FN:14,(anonymous_1)
FN:27,(anonymous_2)
FN:30,(anonymous_3)
FNF:4
FNH:4
FNDA:60,(anonymous_0)
FNDA:45,(anonymous_1)
FNDA:19,(anonymous_2)
FNDA:41,(anonymous_3)
DA:4,7
DA:9,60
DA:10,60
DA:14,60
DA:16,60
DA:18,41
DA:27,7
DA:28,19
DA:30,7
DA:31,41
LF:10
LH:10
BRDA:10,0,0,19
BRDA:10,0,1,41
BRDA:16,1,0,19
BRDA:16,1,1,41
BRF:4
BRH:4
end_of_record
TN:
SF:/home/ubuntu/router-segments/src/routes/index.js
FNF:0
FNH:0
LF:0
LH:0
BRF:0
BRH:0
end_of_record
