TN:
SF:src/index.ts
FNF:0
FNH:0
LF:0
LH:0
BRF:0
BRH:0
end_of_record
TN:
SF:src/builder/createRouterBuilder.ts
FN:38,createRouterBuilder
FN:48,(anonymous_1)
FN:62,(anonymous_2)
FN:70,(anonymous_3)
FN:83,(anonymous_4)
FN:94,(anonymous_5)
FN:109,(anonymous_6)
FN:110,(anonymous_7)
FNF:8
FNH:8
FNDA:10,createRouterBuilder
FNDA:22,(anonymous_1)
FNDA:8,(anonymous_2)
FNDA:5,(anonymous_3)
FNDA:5,(anonymous_4)
FNDA:2,(anonymous_5)
FNDA:1,(anonymous_6)
FNDA:7,(anonymous_7)
DA:41,10
DA:42,10
DA:43,10
DA:48,10
DA:52,22
DA:53,21
DA:56,10
DA:61,10
DA:63,8
DA:64,6
DA:65,6
DA:66,6
DA:67,5
DA:75,5
DA:76,4
DA:77,2
DA:78,2
DA:79,2
DA:80,2
DA:87,5
DA:88,5
DA:89,3
DA:90,3
DA:91,3
DA:98,2
DA:99,1
DA:103,1
DA:104,1
DA:105,1
DA:106,1
DA:109,1
DA:110,7
DA:112,10
LF:33
LH:33
BRDA:52,0,0,1
BRDA:52,0,1,21
BRDA:65,1,0,4
BRDA:65,1,1,2
BRDA:75,2,0,1
BRDA:75,2,1,4
BRDA:78,3,0,2
BRDA:78,3,1,2
BRDA:98,4,0,1
BRDA:98,4,1,1
BRF:10
BRH:10
end_of_record
TN:
SF:src/builder/createSegmentRouterBuilderCreator.ts
FN:30,createSegmentRouterBuilderCreator
FN:39,(anonymous_1)
FN:42,(anonymous_2)
FN:45,(anonymous_3)
FN:53,(anonymous_4)
FN:63,(anonymous_5)
FN:72,(anonymous_6)
FN:78,(anonymous_7)
FN:94,(anonymous_8)
FN:117,(anonymous_9)
FN:131,(anonymous_10)
FN:153,(anonymous_11)
FN:157,(anonymous_12)
FN:161,(anonymous_13)
FN:172,(anonymous_14)
FN:181,(anonymous_15)
FNF:16
FNH:16
FNDA:10,createSegmentRouterBuilderCreator
FNDA:9,(anonymous_1)
FNDA:27,(anonymous_2)
FNDA:10,(anonymous_3)
FNDA:20,(anonymous_4)
FNDA:6,(anonymous_5)
FNDA:12,(anonymous_6)
FNDA:8,(anonymous_7)
FNDA:11,(anonymous_8)
FNDA:2,(anonymous_9)
FNDA:2,(anonymous_10)
FNDA:5,(anonymous_11)
FNDA:6,(anonymous_12)
FNDA:4,(anonymous_13)
FNDA:2,(anonymous_14)
FNDA:2,(anonymous_15)
DA:39,10
DA:42,9
DA:43,27
DA:45,9
DA:48,10
DA:53,10
DA:54,20
DA:60,10
DA:63,9
DA:68,6
DA:72,6
DA:73,12
DA:75,6
DA:78,9
DA:83,8
DA:84,8
DA:85,8
DA:90,8
DA:91,8
DA:94,9
DA:99,11
DA:100,5
DA:110,6
DA:111,6
DA:112,6
DA:113,6
DA:114,6
DA:117,9
DA:121,2
DA:122,2
DA:126,2
DA:127,2
DA:128,2
DA:131,9
DA:135,2
DA:136,1
DA:145,1
DA:146,1
DA:147,1
DA:148,1
DA:149,1
DA:152,9
DA:154,5
DA:158,6
DA:166,4
DA:167,3
DA:178,2
DA:187,2
DA:188,1
DA:194,10
LF:50
LH:50
BRDA:84,0,0,8
BRDA:84,0,1,1
BRDA:99,1,0,5
BRDA:99,1,1,6
BRDA:112,2,0,6
BRDA:112,2,1,1
BRDA:135,3,0,1
BRDA:135,3,1,1
BRDA:166,4,0,1
BRDA:166,4,1,3
BRDA:187,5,0,1
BRDA:187,5,1,1
BRF:12
BRH:12
end_of_record
TN:
SF:src/router/createRouter.ts
FN:16,createRouter
FN:20,(anonymous_1)
FN:28,(anonymous_2)
FN:32,(anonymous_3)
FN:34,(anonymous_4)
FNF:5
FNH:5
FNDA:8,createRouter
FNDA:30,(anonymous_1)
FNDA:29,(anonymous_2)
FNDA:1,(anonymous_3)
FNDA:1,(anonymous_4)
DA:20,8
DA:21,30
DA:22,30
DA:23,30
DA:26,8
DA:31,29
DA:33,1
DA:38,1
LF:8
LH:8
BRDA:22,0,0,0
BRDA:22,0,1,30
BRF:2
BRH:1
end_of_record
TN:
SF:src/router/findMatch.ts
FN:23,(anonymous_0)
FN:34,(anonymous_1)
FN:46,(anonymous_2)
FN:72,(anonymous_3)
FN:120,findMatch
FNF:5
FNH:5
FNDA:3,(anonymous_0)
FNDA:61,(anonymous_1)
FNDA:136,(anonymous_2)
FNDA:21,(anonymous_3)
FNDA:36,findMatch
DA:21,6
DA:23,6
DA:24,3
DA:34,6
DA:44,61
DA:46,61
DA:47,136
DA:48,0
DA:50,136
DA:51,1
DA:59,135
DA:61,135
DA:63,51
DA:65,51
DA:66,51
DA:68,51
DA:70,14
DA:72,14
DA:73,21
DA:77,51
DA:78,35
DA:79,35
DA:81,35
DA:82,25
DA:90,25
DA:93,10
DA:94,1
DA:97,9
DA:100,25
DA:103,25
DA:105,25
DA:114,25
DA:117,60
DA:125,36
LF:34
LH:33
BRDA:21,0,0,6
BRDA:21,0,1,0
BRDA:24,1,0,2
BRDA:24,1,1,1
BRDA:38,2,0,19
BRDA:50,3,0,1
BRDA:50,3,1,135
BRDA:50,4,0,136
BRDA:50,4,1,136
BRDA:61,5,0,84
BRDA:61,5,1,51
BRDA:68,6,0,14
BRDA:68,6,1,37
BRDA:70,7,0,11
BRDA:70,7,1,3
BRDA:77,8,0,35
BRDA:77,8,1,16
BRDA:81,9,0,25
BRDA:81,9,1,10
BRDA:93,10,0,1
BRDA:93,10,1,9
BRDA:103,11,0,22
BRDA:103,11,1,3
BRF:23
BRH:22
end_of_record
TN:
SF:src/routes/LocalizedEndRoute.ts
FN:13,(anonymous_0)
FN:20,(anonymous_1)
FN:25,(anonymous_2)
FN:29,(anonymous_3)
FN:33,(anonymous_4)
FN:37,(anonymous_5)
FNF:6
FNH:3
FNDA:12,(anonymous_0)
FNDA:56,(anonymous_1)
FNDA:10,(anonymous_2)
FNDA:0,(anonymous_3)
FNDA:0,(anonymous_4)
FNDA:0,(anonymous_5)
DA:14,12
DA:16,12
DA:17,12
DA:21,56
DA:22,56
DA:26,10
DA:30,0
DA:34,0
DA:38,0
LF:9
LH:6
BRDA:21,0,0,0
BRDA:21,0,1,56
BRF:2
BRH:1
end_of_record
TN:
SF:src/routes/LocalizedSegmentRoute.ts
FN:16,(anonymous_0)
FN:20,(anonymous_1)
FN:25,(anonymous_2)
FN:30,(anonymous_3)
FN:34,(anonymous_4)
FN:38,(anonymous_5)
FN:42,(anonymous_6)
FNF:7
FNH:5
FNDA:3,(anonymous_0)
FNDA:3,(anonymous_1)
FNDA:52,(anonymous_2)
FNDA:26,(anonymous_3)
FNDA:6,(anonymous_4)
FNDA:0,(anonymous_5)
FNDA:0,(anonymous_6)
DA:12,3
DA:17,3
DA:21,3
DA:22,3
DA:26,52
DA:27,52
DA:31,26
DA:35,6
DA:39,0
DA:43,0
LF:10
LH:8
BRDA:26,0,0,0
BRDA:26,0,1,52
BRF:2
BRH:1
end_of_record
TN:
SF:src/routes/NotLocalizedEndRoute.ts
FN:13,(anonymous_0)
FN:20,(anonymous_1)
FN:24,(anonymous_2)
FN:28,(anonymous_3)
FN:32,(anonymous_4)
FN:36,(anonymous_5)
FNF:6
FNH:3
FNDA:15,(anonymous_0)
FNDA:39,(anonymous_1)
FNDA:6,(anonymous_2)
FNDA:0,(anonymous_3)
FNDA:0,(anonymous_4)
FNDA:0,(anonymous_5)
DA:14,15
DA:16,15
DA:21,39
DA:25,6
DA:29,0
DA:33,0
DA:37,0
LF:7
LH:4
BRF:0
BRH:0
end_of_record
TN:
SF:src/routes/NotLocalizedSegmentRoute.ts
FN:16,(anonymous_0)
FN:20,(anonymous_1)
FN:25,(anonymous_2)
FN:29,(anonymous_3)
FN:33,(anonymous_4)
FN:37,(anonymous_5)
FN:41,(anonymous_6)
FNF:7
FNH:5
FNDA:9,(anonymous_0)
FNDA:4,(anonymous_1)
FNDA:18,(anonymous_2)
FNDA:9,(anonymous_3)
FNDA:7,(anonymous_4)
FNDA:0,(anonymous_5)
FNDA:0,(anonymous_6)
DA:12,9
DA:17,9
DA:21,4
DA:22,4
DA:26,18
DA:30,9
DA:34,7
DA:38,0
DA:42,0
LF:9
LH:7
BRF:0
BRH:0
end_of_record
TN:
SF:src/routes/create.ts
FN:15,(anonymous_0)
FN:24,(anonymous_1)
FN:43,(anonymous_2)
FN:47,(anonymous_3)
FN:58,(anonymous_4)
FN:73,(anonymous_5)
FN:81,(anonymous_6)
FNF:7
FNH:7
FNDA:14,(anonymous_0)
FNDA:28,(anonymous_1)
FNDA:30,(anonymous_2)
FNDA:17,(anonymous_3)
FNDA:13,(anonymous_4)
FNDA:9,(anonymous_5)
FNDA:3,(anonymous_6)
DA:15,6
DA:23,14
DA:24,14
DA:25,28
DA:26,28
DA:27,6
DA:31,6
DA:33,22
DA:37,22
DA:40,14
DA:43,6
DA:44,30
DA:47,6
DA:53,17
DA:54,15
DA:55,15
DA:58,6
DA:64,13
DA:65,11
DA:70,11
DA:73,6
DA:77,9
DA:78,9
DA:81,6
DA:88,3
DA:93,3
LF:26
LH:26
BRDA:26,0,0,6
BRDA:26,0,1,22
BRDA:44,1,0,4
BRDA:44,1,1,26
BRDA:64,2,0,0
BRF:5
BRH:4
end_of_record
TN:
SF:src/routes/createRoutePath.ts
FN:16,internalCreateRoutePath
FN:26,(anonymous_1)
FN:39,(anonymous_2)
FN:44,(anonymous_3)
FNF:4
FNH:4
FNDA:60,internalCreateRoutePath
FNDA:45,(anonymous_1)
FNDA:19,(anonymous_2)
FNDA:41,(anonymous_3)
DA:21,60
DA:22,60
DA:26,60
DA:28,60
DA:30,41
DA:39,7
DA:42,19
DA:44,7
DA:47,41
LF:9
LH:9
BRDA:22,0,0,19
BRDA:22,0,1,41
BRDA:28,1,0,19
BRDA:28,1,1,41
BRF:4
BRH:4
end_of_record
TN:
SF:src/routes/index.ts
FNF:0
FNH:0
LF:0
LH:0
BRF:0
BRH:0
end_of_record
TN:
SF:src/utils/getKeys.ts
FN:1,(anonymous_0)
FNF:1
FNH:1
FNDA:24,(anonymous_0)
DA:1,6
DA:2,24
LF:2
LH:2
BRF:0
BRH:0
end_of_record
